<?xml version="1.0" encoding="UTF-8"?>
<testsuite xmlns:xsi="http://www.w3.org/2001/XMLSchema-instance" xsi:noNamespaceSchemaLocation="https://maven.apache.org/surefire/maven-surefire-plugin/xsd/surefire-test-report-3.0.xsd" version="3.0" name="com.petstore.api.runner.TestRunner" time="6.832" tests="3" errors="0" skipped="0" failures="1">
  <properties>
[...]
</properties>
  <testcase name="[1.1:88] Añadir una nueva mascota, consultar, actualizar y consultar por estado" classname="karate/petstore/pet" time="1.744">
    <system-out><![CDATA[16:26:09.862 [main] DEBUG com.intuit.karate.Suite -- [config] classpath:karate-config.js
16:26:10.979 [main] DEBUG com.jayway.jsonpath.internal.path.CompiledPath -- Evaluating path: $
16:26:11.242 [main] DEBUG com.jayway.jsonpath.internal.path.CompiledPath -- Evaluating path: $
16:26:11.244 [main] DEBUG com.jayway.jsonpath.internal.path.CompiledPath -- Evaluating path: $
16:26:11.267 [main] DEBUG io.netty.util.internal.logging.InternalLoggerFactory -- Using SLF4J as the default logging framework
16:26:11.269 [main] DEBUG io.netty.util.internal.PlatformDependent0 -- -Dio.netty.noUnsafe: false
16:26:11.269 [main] DEBUG io.netty.util.internal.PlatformDependent0 -- Java version: 17
16:26:11.269 [main] DEBUG io.netty.util.internal.PlatformDependent0 -- sun.misc.Unsafe.theUnsafe: available
16:26:11.270 [main] DEBUG io.netty.util.internal.PlatformDependent0 -- sun.misc.Unsafe.copyMemory: available
16:26:11.270 [main] DEBUG io.netty.util.internal.PlatformDependent0 -- sun.misc.Unsafe.storeFence: available
16:26:11.271 [main] DEBUG io.netty.util.internal.PlatformDependent0 -- java.nio.Buffer.address: available
16:26:11.271 [main] DEBUG io.netty.util.internal.PlatformDependent0 -- direct buffer constructor: unavailable: Reflective setAccessible(true) disabled
16:26:11.272 [main] DEBUG io.netty.util.internal.PlatformDependent0 -- java.nio.Bits.unaligned: available, true
16:26:11.273 [main] DEBUG io.netty.util.internal.PlatformDependent0 -- jdk.internal.misc.Unsafe.allocateUninitializedArray(int): unavailable: class io.netty.util.internal.PlatformDependent0$7 cannot access class jdk.internal.misc.Unsafe (in module java.base) because module java.base does not export jdk.internal.misc to unnamed module @16022d9d
16:26:11.274 [main] DEBUG io.netty.util.internal.PlatformDependent0 -- java.nio.DirectByteBuffer.<init>(long, {int,long}): unavailable
16:26:11.274 [main] DEBUG io.netty.util.internal.PlatformDependent -- sun.misc.Unsafe: available
16:26:11.275 [main] DEBUG io.netty.util.internal.PlatformDependent -- maxDirectMemory: 17104371712 bytes (maybe)
16:26:11.275 [main] DEBUG io.netty.util.internal.PlatformDependent -- -Dio.netty.tmpdir: C:\Users\JAMALD~1\AppData\Local\Temp (java.io.tmpdir)
16:26:11.275 [main] DEBUG io.netty.util.internal.PlatformDependent -- -Dio.netty.bitMode: 64 (sun.arch.data.model)
16:26:11.277 [main] DEBUG io.netty.util.internal.PlatformDependent -- Platform: Windows
16:26:11.278 [main] DEBUG io.netty.util.internal.PlatformDependent -- -Dio.netty.maxDirectMemory: -1 bytes
16:26:11.278 [main] DEBUG io.netty.util.internal.PlatformDependent -- -Dio.netty.uninitializedArrayAllocationThreshold: -1
16:26:11.279 [main] DEBUG io.netty.util.internal.CleanerJava9 -- java.nio.ByteBuffer.cleaner(): available
16:26:11.279 [main] DEBUG io.netty.util.internal.PlatformDependent -- -Dio.netty.noPreferDirect: false
16:26:11.378 [main] DEBUG org.apache.http.client.protocol.RequestAddCookies -- CookieSpec selected: karate
16:26:11.386 [main] DEBUG org.apache.http.client.protocol.RequestAuthCache -- Auth cache not set in the context
16:26:11.388 [main] DEBUG com.intuit.karate -- request:
1 > POST https://petstore.swagger.io/v2/pet
1 > Content-Type: application/json; charset=UTF-8
1 > Content-Length: 140
1 > Host: petstore.swagger.io
1 > Connection: Keep-Alive
1 > User-Agent: Apache-HttpClient/4.5.14 (Java/17.0.15)
1 > Accept-Encoding: gzip,deflate
{"id":10001,"category":{"id":1,"name":"Dogs"},"name":"doggie","photoUrls":["string"],"tags":[{"id":0,"name":"string"}],"status":"available"}

16:26:11.390 [main] DEBUG org.apache.http.impl.conn.PoolingHttpClientConnectionManager -- Connection request: [route: {s}->https://petstore.swagger.io:443][total available: 0; route allocated: 0 of 5; total allocated: 0 of 10]
16:26:11.403 [main] DEBUG org.apache.http.impl.conn.PoolingHttpClientConnectionManager -- Connection leased: [id: 0][route: {s}->https://petstore.swagger.io:443][total available: 0; route allocated: 1 of 5; total allocated: 1 of 10]
16:26:11.404 [main] DEBUG org.apache.http.impl.execchain.MainClientExec -- Opening connection {s}->https://petstore.swagger.io:443
16:26:11.410 [main] DEBUG org.apache.http.impl.conn.DefaultHttpClientConnectionOperator -- Connecting to petstore.swagger.io/18.207.45.59:443
16:26:11.410 [main] DEBUG org.apache.http.conn.ssl.LenientSslConnectionSocketFactory -- Connecting socket to petstore.swagger.io/18.207.45.59:443 with timeout 5000
16:26:11.531 [main] DEBUG org.apache.http.conn.ssl.LenientSslConnectionSocketFactory -- Enabled protocols: [TLSv1.3, TLSv1.2]
16:26:11.531 [main] DEBUG org.apache.http.conn.ssl.LenientSslConnectionSocketFactory -- Enabled cipher suites:[TLS_AES_256_GCM_SHA384, TLS_AES_128_GCM_SHA256, TLS_CHACHA20_POLY1305_SHA256, TLS_ECDHE_ECDSA_WITH_AES_256_GCM_SHA384, TLS_ECDHE_ECDSA_WITH_AES_128_GCM_SHA256, TLS_ECDHE_ECDSA_WITH_CHACHA20_POLY1305_SHA256, TLS_ECDHE_RSA_WITH_AES_256_GCM_SHA384, TLS_ECDHE_RSA_WITH_CHACHA20_POLY1305_SHA256, TLS_ECDHE_RSA_WITH_AES_128_GCM_SHA256, TLS_DHE_RSA_WITH_AES_256_GCM_SHA384, TLS_DHE_RSA_WITH_CHACHA20_POLY1305_SHA256, TLS_DHE_DSS_WITH_AES_256_GCM_SHA384, TLS_DHE_RSA_WITH_AES_128_GCM_SHA256, TLS_DHE_DSS_WITH_AES_128_GCM_SHA256, TLS_ECDHE_ECDSA_WITH_AES_256_CBC_SHA384, TLS_ECDHE_RSA_WITH_AES_256_CBC_SHA384, TLS_ECDHE_ECDSA_WITH_AES_128_CBC_SHA256, TLS_ECDHE_RSA_WITH_AES_128_CBC_SHA256, TLS_DHE_RSA_WITH_AES_256_CBC_SHA256, TLS_DHE_DSS_WITH_AES_256_CBC_SHA256, TLS_DHE_RSA_WITH_AES_128_CBC_SHA256, TLS_DHE_DSS_WITH_AES_128_CBC_SHA256, TLS_ECDHE_ECDSA_WITH_AES_256_CBC_SHA, TLS_ECDHE_RSA_WITH_AES_256_CBC_SHA, TLS_ECDHE_ECDSA_WITH_AES_128_CBC_SHA, TLS_ECDHE_RSA_WITH_AES_128_CBC_SHA, TLS_DHE_RSA_WITH_AES_256_CBC_SHA, TLS_DHE_DSS_WITH_AES_256_CBC_SHA, TLS_DHE_RSA_WITH_AES_128_CBC_SHA, TLS_DHE_DSS_WITH_AES_128_CBC_SHA, TLS_RSA_WITH_AES_256_GCM_SHA384, TLS_RSA_WITH_AES_128_GCM_SHA256, TLS_RSA_WITH_AES_256_CBC_SHA256, TLS_RSA_WITH_AES_128_CBC_SHA256, TLS_RSA_WITH_AES_256_CBC_SHA, TLS_RSA_WITH_AES_128_CBC_SHA, TLS_EMPTY_RENEGOTIATION_INFO_SCSV]
16:26:11.531 [main] DEBUG org.apache.http.conn.ssl.LenientSslConnectionSocketFactory -- Starting handshake
16:26:11.774 [main] DEBUG org.apache.http.conn.ssl.LenientSslConnectionSocketFactory -- Secure session established
16:26:11.775 [main] DEBUG org.apache.http.conn.ssl.LenientSslConnectionSocketFactory --  negotiated protocol: TLSv1.2
16:26:11.775 [main] DEBUG org.apache.http.conn.ssl.LenientSslConnectionSocketFactory --  negotiated cipher suite: TLS_ECDHE_RSA_WITH_AES_128_GCM_SHA256
16:26:11.778 [main] DEBUG org.apache.http.conn.ssl.LenientSslConnectionSocketFactory --  peer principal: CN=*.swagger.io
16:26:11.779 [main] DEBUG org.apache.http.conn.ssl.LenientSslConnectionSocketFactory --  peer alternative names: [*.swagger.io]
16:26:11.779 [main] DEBUG org.apache.http.conn.ssl.LenientSslConnectionSocketFactory --  issuer principal: CN=Amazon RSA 2048 M02, O=Amazon, C=US
16:26:11.781 [main] DEBUG org.apache.http.impl.conn.DefaultHttpClientConnectionOperator -- Connection established 192.168.50.172:50128<->18.207.45.59:443
16:26:11.782 [main] DEBUG org.apache.http.impl.conn.DefaultManagedHttpClientConnection -- http-outgoing-0: set socket timeout to 5000
16:26:11.782 [main] DEBUG org.apache.http.impl.execchain.MainClientExec -- Executing request POST /v2/pet HTTP/1.1
16:26:11.782 [main] DEBUG org.apache.http.impl.execchain.MainClientExec -- Target auth state: UNCHALLENGED
16:26:11.782 [main] DEBUG org.apache.http.impl.execchain.MainClientExec -- Proxy auth state: UNCHALLENGED
16:26:11.782 [main] DEBUG org.apache.http.headers -- http-outgoing-0 >> POST /v2/pet HTTP/1.1
16:26:11.782 [main] DEBUG org.apache.http.headers -- http-outgoing-0 >> Content-Type: application/json; charset=UTF-8
16:26:11.782 [main] DEBUG org.apache.http.headers -- http-outgoing-0 >> Content-Length: 140
16:26:11.782 [main] DEBUG org.apache.http.headers -- http-outgoing-0 >> Host: petstore.swagger.io
16:26:11.782 [main] DEBUG org.apache.http.headers -- http-outgoing-0 >> Connection: Keep-Alive
16:26:11.782 [main] DEBUG org.apache.http.headers -- http-outgoing-0 >> User-Agent: Apache-HttpClient/4.5.14 (Java/17.0.15)
16:26:11.782 [main] DEBUG org.apache.http.headers -- http-outgoing-0 >> Accept-Encoding: gzip,deflate
16:26:11.782 [main] DEBUG org.apache.http.wire -- http-outgoing-0 >> "POST /v2/pet HTTP/1.1[\r][\n]"
16:26:11.782 [main] DEBUG org.apache.http.wire -- http-outgoing-0 >> "Content-Type: application/json; charset=UTF-8[\r][\n]"
16:26:11.782 [main] DEBUG org.apache.http.wire -- http-outgoing-0 >> "Content-Length: 140[\r][\n]"
16:26:11.782 [main] DEBUG org.apache.http.wire -- http-outgoing-0 >> "Host: petstore.swagger.io[\r][\n]"
16:26:11.782 [main] DEBUG org.apache.http.wire -- http-outgoing-0 >> "Connection: Keep-Alive[\r][\n]"
16:26:11.782 [main] DEBUG org.apache.http.wire -- http-outgoing-0 >> "User-Agent: Apache-HttpClient/4.5.14 (Java/17.0.15)[\r][\n]"
16:26:11.782 [main] DEBUG org.apache.http.wire -- http-outgoing-0 >> "Accept-Encoding: gzip,deflate[\r][\n]"
16:26:11.782 [main] DEBUG org.apache.http.wire -- http-outgoing-0 >> "[\r][\n]"
16:26:11.782 [main] DEBUG org.apache.http.wire -- http-outgoing-0 >> "{"id":10001,"category":{"id":1,"name":"Dogs"},"name":"doggie","photoUrls":["string"],"tags":[{"id":0,"name":"string"}],"status":"available"}"
16:26:11.872 [main] DEBUG org.apache.http.wire -- http-outgoing-0 << "HTTP/1.1 200 OK[\r][\n]"
16:26:11.872 [main] DEBUG org.apache.http.wire -- http-outgoing-0 << "Date: Tue, 05 Aug 2025 21:26:11 GMT[\r][\n]"
16:26:11.872 [main] DEBUG org.apache.http.wire -- http-outgoing-0 << "Content-Type: application/json[\r][\n]"
16:26:11.872 [main] DEBUG org.apache.http.wire -- http-outgoing-0 << "Transfer-Encoding: chunked[\r][\n]"
16:26:11.872 [main] DEBUG org.apache.http.wire -- http-outgoing-0 << "Connection: keep-alive[\r][\n]"
16:26:11.872 [main] DEBUG org.apache.http.wire -- http-outgoing-0 << "Access-Control-Allow-Origin: *[\r][\n]"
16:26:11.872 [main] DEBUG org.apache.http.wire -- http-outgoing-0 << "Access-Control-Allow-Methods: GET, POST, DELETE, PUT[\r][\n]"
16:26:11.872 [main] DEBUG org.apache.http.wire -- http-outgoing-0 << "Access-Control-Allow-Headers: Content-Type, api_key, Authorization[\r][\n]"
16:26:11.872 [main] DEBUG org.apache.http.wire -- http-outgoing-0 << "Server: Jetty(9.2.9.v20150224)[\r][\n]"
16:26:11.872 [main] DEBUG org.apache.http.wire -- http-outgoing-0 << "[\r][\n]"
16:26:11.872 [main] DEBUG org.apache.http.wire -- http-outgoing-0 << "8c[\r][\n]"
16:26:11.872 [main] DEBUG org.apache.http.wire -- http-outgoing-0 << "{"id":10001,"category":{"id":1,"name":"Dogs"},"name":"doggie","photoUrls":["string"],"tags":[{"id":0,"name":"string"}],"status":"available"}[\r][\n]"
16:26:11.872 [main] DEBUG org.apache.http.headers -- http-outgoing-0 << HTTP/1.1 200 OK
16:26:11.872 [main] DEBUG org.apache.http.headers -- http-outgoing-0 << Date: Tue, 05 Aug 2025 21:26:11 GMT
16:26:11.872 [main] DEBUG org.apache.http.headers -- http-outgoing-0 << Content-Type: application/json
16:26:11.872 [main] DEBUG org.apache.http.headers -- http-outgoing-0 << Transfer-Encoding: chunked
16:26:11.872 [main] DEBUG org.apache.http.headers -- http-outgoing-0 << Connection: keep-alive
16:26:11.872 [main] DEBUG org.apache.http.headers -- http-outgoing-0 << Access-Control-Allow-Origin: *
16:26:11.872 [main] DEBUG org.apache.http.headers -- http-outgoing-0 << Access-Control-Allow-Methods: GET, POST, DELETE, PUT
16:26:11.872 [main] DEBUG org.apache.http.headers -- http-outgoing-0 << Access-Control-Allow-Headers: Content-Type, api_key, Authorization
16:26:11.872 [main] DEBUG org.apache.http.headers -- http-outgoing-0 << Server: Jetty(9.2.9.v20150224)
16:26:11.878 [main] DEBUG org.apache.http.impl.execchain.MainClientExec -- Connection can be kept alive indefinitely
16:26:11.880 [main] DEBUG org.apache.http.wire -- http-outgoing-0 << "0[\r][\n]"
16:26:11.881 [main] DEBUG org.apache.http.wire -- http-outgoing-0 << "[\r][\n]"
16:26:11.881 [main] DEBUG org.apache.http.impl.conn.PoolingHttpClientConnectionManager -- Connection [id: 0][route: {s}->https://petstore.swagger.io:443] can be kept alive indefinitely
16:26:11.881 [main] DEBUG org.apache.http.impl.conn.DefaultManagedHttpClientConnection -- http-outgoing-0: set socket timeout to 0
16:26:11.881 [main] DEBUG org.apache.http.impl.conn.PoolingHttpClientConnectionManager -- Connection released: [id: 0][route: {s}->https://petstore.swagger.io:443][total available: 1; route allocated: 1 of 5; total allocated: 1 of 10]
16:26:11.881 [main] DEBUG org.apache.http.impl.conn.PoolingHttpClientConnectionManager -- Connection manager is shutting down
16:26:11.882 [main] DEBUG org.apache.http.impl.conn.DefaultManagedHttpClientConnection -- http-outgoing-0: Close connection
16:26:11.883 [main] DEBUG org.apache.http.impl.conn.PoolingHttpClientConnectionManager -- Connection manager shut down
16:26:11.884 [main] DEBUG com.intuit.karate -- response time in milliseconds: 492
1 < 200
1 < Date: Tue, 05 Aug 2025 21:26:11 GMT
1 < Content-Type: application/json
1 < Transfer-Encoding: chunked
1 < Connection: keep-alive
1 < Access-Control-Allow-Origin: *
1 < Access-Control-Allow-Methods: GET, POST, DELETE, PUT
1 < Access-Control-Allow-Headers: Content-Type, api_key, Authorization
1 < Server: Jetty(9.2.9.v20150224)
{"id":10001,"category":{"id":1,"name":"Dogs"},"name":"doggie","photoUrls":["string"],"tags":[{"id":0,"name":"string"}],"status":"available"}

16:26:11.888 [main] INFO com.intuit.karate -- [print] {
  "id": 10001,
  "category": {
    "id": 1,
    "name": "Dogs"
  },
  "name": "doggie",
  "photoUrls": [
    "string"
  ],
  "tags": [
    {
      "id": 0,
      "name": "string"
    }
  ],
  "status": "available"
}
 
16:26:11.895 [main] DEBUG com.jayway.jsonpath.internal.path.CompiledPath -- Evaluating path: $['id']
16:26:11.895 [main] DEBUG com.jayway.jsonpath.internal.path.CompiledPath -- Evaluating path: $['name']
16:26:11.895 [main] DEBUG com.jayway.jsonpath.internal.path.CompiledPath -- Evaluating path: $['status']
16:26:11.914 [main] DEBUG org.apache.http.client.protocol.RequestAddCookies -- CookieSpec selected: karate
16:26:11.914 [main] DEBUG org.apache.http.client.protocol.RequestAuthCache -- Auth cache not set in the context
16:26:11.914 [main] DEBUG com.intuit.karate -- request:
2 > GET https://petstore.swagger.io/v2/pet/10001
2 > Content-Type: application/json
2 > Host: petstore.swagger.io
2 > Connection: Keep-Alive
2 > User-Agent: Apache-HttpClient/4.5.14 (Java/17.0.15)
2 > Accept-Encoding: gzip,deflate


16:26:11.914 [main] DEBUG org.apache.http.impl.conn.PoolingHttpClientConnectionManager -- Connection request: [route: {s}->https://petstore.swagger.io:443][total available: 0; route allocated: 0 of 5; total allocated: 0 of 10]
16:26:11.915 [main] DEBUG org.apache.http.impl.conn.PoolingHttpClientConnectionManager -- Connection leased: [id: 1][route: {s}->https://petstore.swagger.io:443][total available: 0; route allocated: 1 of 5; total allocated: 1 of 10]
16:26:11.915 [main] DEBUG org.apache.http.impl.execchain.MainClientExec -- Opening connection {s}->https://petstore.swagger.io:443
16:26:11.915 [main] DEBUG org.apache.http.impl.conn.DefaultHttpClientConnectionOperator -- Connecting to petstore.swagger.io/18.207.45.59:443
16:26:11.915 [main] DEBUG org.apache.http.conn.ssl.LenientSslConnectionSocketFactory -- Connecting socket to petstore.swagger.io/18.207.45.59:443 with timeout 5000
16:26:11.993 [main] DEBUG org.apache.http.conn.ssl.LenientSslConnectionSocketFactory -- Enabled protocols: [TLSv1.3, TLSv1.2]
16:26:11.993 [main] DEBUG org.apache.http.conn.ssl.LenientSslConnectionSocketFactory -- Enabled cipher suites:[TLS_AES_256_GCM_SHA384, TLS_AES_128_GCM_SHA256, TLS_CHACHA20_POLY1305_SHA256, TLS_ECDHE_ECDSA_WITH_AES_256_GCM_SHA384, TLS_ECDHE_ECDSA_WITH_AES_128_GCM_SHA256, TLS_ECDHE_ECDSA_WITH_CHACHA20_POLY1305_SHA256, TLS_ECDHE_RSA_WITH_AES_256_GCM_SHA384, TLS_ECDHE_RSA_WITH_CHACHA20_POLY1305_SHA256, TLS_ECDHE_RSA_WITH_AES_128_GCM_SHA256, TLS_DHE_RSA_WITH_AES_256_GCM_SHA384, TLS_DHE_RSA_WITH_CHACHA20_POLY1305_SHA256, TLS_DHE_DSS_WITH_AES_256_GCM_SHA384, TLS_DHE_RSA_WITH_AES_128_GCM_SHA256, TLS_DHE_DSS_WITH_AES_128_GCM_SHA256, TLS_ECDHE_ECDSA_WITH_AES_256_CBC_SHA384, TLS_ECDHE_RSA_WITH_AES_256_CBC_SHA384, TLS_ECDHE_ECDSA_WITH_AES_128_CBC_SHA256, TLS_ECDHE_RSA_WITH_AES_128_CBC_SHA256, TLS_DHE_RSA_WITH_AES_256_CBC_SHA256, TLS_DHE_DSS_WITH_AES_256_CBC_SHA256, TLS_DHE_RSA_WITH_AES_128_CBC_SHA256, TLS_DHE_DSS_WITH_AES_128_CBC_SHA256, TLS_ECDHE_ECDSA_WITH_AES_256_CBC_SHA, TLS_ECDHE_RSA_WITH_AES_256_CBC_SHA, TLS_ECDHE_ECDSA_WITH_AES_128_CBC_SHA, TLS_ECDHE_RSA_WITH_AES_128_CBC_SHA, TLS_DHE_RSA_WITH_AES_256_CBC_SHA, TLS_DHE_DSS_WITH_AES_256_CBC_SHA, TLS_DHE_RSA_WITH_AES_128_CBC_SHA, TLS_DHE_DSS_WITH_AES_128_CBC_SHA, TLS_RSA_WITH_AES_256_GCM_SHA384, TLS_RSA_WITH_AES_128_GCM_SHA256, TLS_RSA_WITH_AES_256_CBC_SHA256, TLS_RSA_WITH_AES_128_CBC_SHA256, TLS_RSA_WITH_AES_256_CBC_SHA, TLS_RSA_WITH_AES_128_CBC_SHA, TLS_EMPTY_RENEGOTIATION_INFO_SCSV]
16:26:11.993 [main] DEBUG org.apache.http.conn.ssl.LenientSslConnectionSocketFactory -- Starting handshake
16:26:12.074 [main] DEBUG org.apache.http.conn.ssl.LenientSslConnectionSocketFactory -- Secure session established
16:26:12.074 [main] DEBUG org.apache.http.conn.ssl.LenientSslConnectionSocketFactory --  negotiated protocol: TLSv1.2
16:26:12.074 [main] DEBUG org.apache.http.conn.ssl.LenientSslConnectionSocketFactory --  negotiated cipher suite: TLS_ECDHE_RSA_WITH_AES_128_GCM_SHA256
16:26:12.074 [main] DEBUG org.apache.http.conn.ssl.LenientSslConnectionSocketFactory --  peer principal: CN=*.swagger.io
16:26:12.074 [main] DEBUG org.apache.http.conn.ssl.LenientSslConnectionSocketFactory --  peer alternative names: [*.swagger.io]
16:26:12.074 [main] DEBUG org.apache.http.conn.ssl.LenientSslConnectionSocketFactory --  issuer principal: CN=Amazon RSA 2048 M02, O=Amazon, C=US
16:26:12.074 [main] DEBUG org.apache.http.impl.conn.DefaultHttpClientConnectionOperator -- Connection established 192.168.50.172:50129<->18.207.45.59:443
16:26:12.074 [main] DEBUG org.apache.http.impl.conn.DefaultManagedHttpClientConnection -- http-outgoing-1: set socket timeout to 5000
16:26:12.074 [main] DEBUG org.apache.http.impl.execchain.MainClientExec -- Executing request GET /v2/pet/10001 HTTP/1.1
16:26:12.074 [main] DEBUG org.apache.http.impl.execchain.MainClientExec -- Target auth state: UNCHALLENGED
16:26:12.074 [main] DEBUG org.apache.http.impl.execchain.MainClientExec -- Proxy auth state: UNCHALLENGED
16:26:12.074 [main] DEBUG org.apache.http.headers -- http-outgoing-1 >> GET /v2/pet/10001 HTTP/1.1
16:26:12.074 [main] DEBUG org.apache.http.headers -- http-outgoing-1 >> Content-Type: application/json
16:26:12.074 [main] DEBUG org.apache.http.headers -- http-outgoing-1 >> Host: petstore.swagger.io
16:26:12.074 [main] DEBUG org.apache.http.headers -- http-outgoing-1 >> Connection: Keep-Alive
16:26:12.074 [main] DEBUG org.apache.http.headers -- http-outgoing-1 >> User-Agent: Apache-HttpClient/4.5.14 (Java/17.0.15)
16:26:12.074 [main] DEBUG org.apache.http.headers -- http-outgoing-1 >> Accept-Encoding: gzip,deflate
16:26:12.074 [main] DEBUG org.apache.http.wire -- http-outgoing-1 >> "GET /v2/pet/10001 HTTP/1.1[\r][\n]"
16:26:12.074 [main] DEBUG org.apache.http.wire -- http-outgoing-1 >> "Content-Type: application/json[\r][\n]"
16:26:12.074 [main] DEBUG org.apache.http.wire -- http-outgoing-1 >> "Host: petstore.swagger.io[\r][\n]"
16:26:12.074 [main] DEBUG org.apache.http.wire -- http-outgoing-1 >> "Connection: Keep-Alive[\r][\n]"
16:26:12.074 [main] DEBUG org.apache.http.wire -- http-outgoing-1 >> "User-Agent: Apache-HttpClient/4.5.14 (Java/17.0.15)[\r][\n]"
16:26:12.074 [main] DEBUG org.apache.http.wire -- http-outgoing-1 >> "Accept-Encoding: gzip,deflate[\r][\n]"
16:26:12.074 [main] DEBUG org.apache.http.wire -- http-outgoing-1 >> "[\r][\n]"
16:26:12.169 [main] DEBUG org.apache.http.wire -- http-outgoing-1 << "HTTP/1.1 200 OK[\r][\n]"
16:26:12.169 [main] DEBUG org.apache.http.wire -- http-outgoing-1 << "Date: Tue, 05 Aug 2025 21:26:12 GMT[\r][\n]"
16:26:12.169 [main] DEBUG org.apache.http.wire -- http-outgoing-1 << "Content-Type: application/json[\r][\n]"
16:26:12.169 [main] DEBUG org.apache.http.wire -- http-outgoing-1 << "Transfer-Encoding: chunked[\r][\n]"
16:26:12.169 [main] DEBUG org.apache.http.wire -- http-outgoing-1 << "Connection: keep-alive[\r][\n]"
16:26:12.169 [main] DEBUG org.apache.http.wire -- http-outgoing-1 << "Access-Control-Allow-Origin: *[\r][\n]"
16:26:12.169 [main] DEBUG org.apache.http.wire -- http-outgoing-1 << "Access-Control-Allow-Methods: GET, POST, DELETE, PUT[\r][\n]"
16:26:12.169 [main] DEBUG org.apache.http.wire -- http-outgoing-1 << "Access-Control-Allow-Headers: Content-Type, api_key, Authorization[\r][\n]"
16:26:12.169 [main] DEBUG org.apache.http.wire -- http-outgoing-1 << "Server: Jetty(9.2.9.v20150224)[\r][\n]"
16:26:12.169 [main] DEBUG org.apache.http.wire -- http-outgoing-1 << "[\r][\n]"
16:26:12.169 [main] DEBUG org.apache.http.wire -- http-outgoing-1 << "8c[\r][\n]"
16:26:12.169 [main] DEBUG org.apache.http.wire -- http-outgoing-1 << "{"id":10001,"category":{"id":1,"name":"Dogs"},"name":"doggie","photoUrls":["string"],"tags":[{"id":0,"name":"string"}],"status":"available"}[\r][\n]"
16:26:12.169 [main] DEBUG org.apache.http.headers -- http-outgoing-1 << HTTP/1.1 200 OK
16:26:12.169 [main] DEBUG org.apache.http.headers -- http-outgoing-1 << Date: Tue, 05 Aug 2025 21:26:12 GMT
16:26:12.169 [main] DEBUG org.apache.http.headers -- http-outgoing-1 << Content-Type: application/json
16:26:12.169 [main] DEBUG org.apache.http.headers -- http-outgoing-1 << Transfer-Encoding: chunked
16:26:12.169 [main] DEBUG org.apache.http.headers -- http-outgoing-1 << Connection: keep-alive
16:26:12.169 [main] DEBUG org.apache.http.headers -- http-outgoing-1 << Access-Control-Allow-Origin: *
16:26:12.169 [main] DEBUG org.apache.http.headers -- http-outgoing-1 << Access-Control-Allow-Methods: GET, POST, DELETE, PUT
16:26:12.169 [main] DEBUG org.apache.http.headers -- http-outgoing-1 << Access-Control-Allow-Headers: Content-Type, api_key, Authorization
16:26:12.170 [main] DEBUG org.apache.http.headers -- http-outgoing-1 << Server: Jetty(9.2.9.v20150224)
16:26:12.170 [main] DEBUG org.apache.http.impl.execchain.MainClientExec -- Connection can be kept alive indefinitely
16:26:12.170 [main] DEBUG org.apache.http.wire -- http-outgoing-1 << "0[\r][\n]"
16:26:12.170 [main] DEBUG org.apache.http.wire -- http-outgoing-1 << "[\r][\n]"
16:26:12.170 [main] DEBUG org.apache.http.impl.conn.PoolingHttpClientConnectionManager -- Connection [id: 1][route: {s}->https://petstore.swagger.io:443] can be kept alive indefinitely
16:26:12.170 [main] DEBUG org.apache.http.impl.conn.DefaultManagedHttpClientConnection -- http-outgoing-1: set socket timeout to 0
16:26:12.170 [main] DEBUG org.apache.http.impl.conn.PoolingHttpClientConnectionManager -- Connection released: [id: 1][route: {s}->https://petstore.swagger.io:443][total available: 1; route allocated: 1 of 5; total allocated: 1 of 10]
16:26:12.170 [main] DEBUG org.apache.http.impl.conn.PoolingHttpClientConnectionManager -- Connection manager is shutting down
16:26:12.170 [main] DEBUG org.apache.http.impl.conn.DefaultManagedHttpClientConnection -- http-outgoing-1: Close connection
16:26:12.171 [main] DEBUG org.apache.http.impl.conn.PoolingHttpClientConnectionManager -- Connection manager shut down
16:26:12.171 [main] DEBUG com.intuit.karate -- response time in milliseconds: 256
2 < 200
2 < Date: Tue, 05 Aug 2025 21:26:12 GMT
2 < Content-Type: application/json
2 < Transfer-Encoding: chunked
2 < Connection: keep-alive
2 < Access-Control-Allow-Origin: *
2 < Access-Control-Allow-Methods: GET, POST, DELETE, PUT
2 < Access-Control-Allow-Headers: Content-Type, api_key, Authorization
2 < Server: Jetty(9.2.9.v20150224)
{"id":10001,"category":{"id":1,"name":"Dogs"},"name":"doggie","photoUrls":["string"],"tags":[{"id":0,"name":"string"}],"status":"available"}

16:26:12.173 [main] INFO com.intuit.karate -- [print] {
  "id": 10001,
  "category": {
    "id": 1,
    "name": "Dogs"
  },
  "name": "doggie",
  "photoUrls": [
    "string"
  ],
  "tags": [
    {
      "id": 0,
      "name": "string"
    }
  ],
  "status": "available"
}
 
16:26:12.173 [main] DEBUG com.jayway.jsonpath.internal.path.CompiledPath -- Evaluating path: $['id']
16:26:12.174 [main] DEBUG com.jayway.jsonpath.internal.path.CompiledPath -- Evaluating path: $['name']
16:26:12.174 [main] DEBUG com.jayway.jsonpath.internal.path.CompiledPath -- Evaluating path: $['status']
16:26:12.175 [main] DEBUG com.jayway.jsonpath.internal.path.CompiledPath -- Evaluating path: $
16:26:12.176 [main] DEBUG org.apache.http.client.protocol.RequestAddCookies -- CookieSpec selected: karate
16:26:12.176 [main] DEBUG org.apache.http.client.protocol.RequestAuthCache -- Auth cache not set in the context
16:26:12.176 [main] DEBUG com.intuit.karate -- request:
3 > PUT https://petstore.swagger.io/v2/pet
3 > Content-Type: application/json; charset=UTF-8
3 > Content-Length: 144
3 > Host: petstore.swagger.io
3 > Connection: Keep-Alive
3 > User-Agent: Apache-HttpClient/4.5.14 (Java/17.0.15)
3 > Accept-Encoding: gzip,deflate
{"id":10001,"category":{"id":1,"name":"Dogs"},"name":"new_doggie_name","photoUrls":["string"],"tags":[{"id":0,"name":"string"}],"status":"sold"}

16:26:12.177 [main] DEBUG org.apache.http.impl.conn.PoolingHttpClientConnectionManager -- Connection request: [route: {s}->https://petstore.swagger.io:443][total available: 0; route allocated: 0 of 5; total allocated: 0 of 10]
16:26:12.177 [main] DEBUG org.apache.http.impl.conn.PoolingHttpClientConnectionManager -- Connection leased: [id: 2][route: {s}->https://petstore.swagger.io:443][total available: 0; route allocated: 1 of 5; total allocated: 1 of 10]
16:26:12.177 [main] DEBUG org.apache.http.impl.execchain.MainClientExec -- Opening connection {s}->https://petstore.swagger.io:443
16:26:12.177 [main] DEBUG org.apache.http.impl.conn.DefaultHttpClientConnectionOperator -- Connecting to petstore.swagger.io/18.207.45.59:443
16:26:12.177 [main] DEBUG org.apache.http.conn.ssl.LenientSslConnectionSocketFactory -- Connecting socket to petstore.swagger.io/18.207.45.59:443 with timeout 5000
16:26:12.257 [main] DEBUG org.apache.http.conn.ssl.LenientSslConnectionSocketFactory -- Enabled protocols: [TLSv1.3, TLSv1.2]
16:26:12.257 [main] DEBUG org.apache.http.conn.ssl.LenientSslConnectionSocketFactory -- Enabled cipher suites:[TLS_AES_256_GCM_SHA384, TLS_AES_128_GCM_SHA256, TLS_CHACHA20_POLY1305_SHA256, TLS_ECDHE_ECDSA_WITH_AES_256_GCM_SHA384, TLS_ECDHE_ECDSA_WITH_AES_128_GCM_SHA256, TLS_ECDHE_ECDSA_WITH_CHACHA20_POLY1305_SHA256, TLS_ECDHE_RSA_WITH_AES_256_GCM_SHA384, TLS_ECDHE_RSA_WITH_CHACHA20_POLY1305_SHA256, TLS_ECDHE_RSA_WITH_AES_128_GCM_SHA256, TLS_DHE_RSA_WITH_AES_256_GCM_SHA384, TLS_DHE_RSA_WITH_CHACHA20_POLY1305_SHA256, TLS_DHE_DSS_WITH_AES_256_GCM_SHA384, TLS_DHE_RSA_WITH_AES_128_GCM_SHA256, TLS_DHE_DSS_WITH_AES_128_GCM_SHA256, TLS_ECDHE_ECDSA_WITH_AES_256_CBC_SHA384, TLS_ECDHE_RSA_WITH_AES_256_CBC_SHA384, TLS_ECDHE_ECDSA_WITH_AES_128_CBC_SHA256, TLS_ECDHE_RSA_WITH_AES_128_CBC_SHA256, TLS_DHE_RSA_WITH_AES_256_CBC_SHA256, TLS_DHE_DSS_WITH_AES_256_CBC_SHA256, TLS_DHE_RSA_WITH_AES_128_CBC_SHA256, TLS_DHE_DSS_WITH_AES_128_CBC_SHA256, TLS_ECDHE_ECDSA_WITH_AES_256_CBC_SHA, TLS_ECDHE_RSA_WITH_AES_256_CBC_SHA, TLS_ECDHE_ECDSA_WITH_AES_128_CBC_SHA, TLS_ECDHE_RSA_WITH_AES_128_CBC_SHA, TLS_DHE_RSA_WITH_AES_256_CBC_SHA, TLS_DHE_DSS_WITH_AES_256_CBC_SHA, TLS_DHE_RSA_WITH_AES_128_CBC_SHA, TLS_DHE_DSS_WITH_AES_128_CBC_SHA, TLS_RSA_WITH_AES_256_GCM_SHA384, TLS_RSA_WITH_AES_128_GCM_SHA256, TLS_RSA_WITH_AES_256_CBC_SHA256, TLS_RSA_WITH_AES_128_CBC_SHA256, TLS_RSA_WITH_AES_256_CBC_SHA, TLS_RSA_WITH_AES_128_CBC_SHA, TLS_EMPTY_RENEGOTIATION_INFO_SCSV]
16:26:12.257 [main] DEBUG org.apache.http.conn.ssl.LenientSslConnectionSocketFactory -- Starting handshake
16:26:12.343 [main] DEBUG org.apache.http.conn.ssl.LenientSslConnectionSocketFactory -- Secure session established
16:26:12.343 [main] DEBUG org.apache.http.conn.ssl.LenientSslConnectionSocketFactory --  negotiated protocol: TLSv1.2
16:26:12.343 [main] DEBUG org.apache.http.conn.ssl.LenientSslConnectionSocketFactory --  negotiated cipher suite: TLS_ECDHE_RSA_WITH_AES_128_GCM_SHA256
16:26:12.343 [main] DEBUG org.apache.http.conn.ssl.LenientSslConnectionSocketFactory --  peer principal: CN=*.swagger.io
16:26:12.343 [main] DEBUG org.apache.http.conn.ssl.LenientSslConnectionSocketFactory --  peer alternative names: [*.swagger.io]
16:26:12.343 [main] DEBUG org.apache.http.conn.ssl.LenientSslConnectionSocketFactory --  issuer principal: CN=Amazon RSA 2048 M02, O=Amazon, C=US
16:26:12.343 [main] DEBUG org.apache.http.impl.conn.DefaultHttpClientConnectionOperator -- Connection established 192.168.50.172:50130<->18.207.45.59:443
16:26:12.344 [main] DEBUG org.apache.http.impl.conn.DefaultManagedHttpClientConnection -- http-outgoing-2: set socket timeout to 5000
16:26:12.344 [main] DEBUG org.apache.http.impl.execchain.MainClientExec -- Executing request PUT /v2/pet HTTP/1.1
16:26:12.344 [main] DEBUG org.apache.http.impl.execchain.MainClientExec -- Target auth state: UNCHALLENGED
16:26:12.344 [main] DEBUG org.apache.http.impl.execchain.MainClientExec -- Proxy auth state: UNCHALLENGED
16:26:12.344 [main] DEBUG org.apache.http.headers -- http-outgoing-2 >> PUT /v2/pet HTTP/1.1
16:26:12.344 [main] DEBUG org.apache.http.headers -- http-outgoing-2 >> Content-Type: application/json; charset=UTF-8
16:26:12.344 [main] DEBUG org.apache.http.headers -- http-outgoing-2 >> Content-Length: 144
16:26:12.344 [main] DEBUG org.apache.http.headers -- http-outgoing-2 >> Host: petstore.swagger.io
16:26:12.344 [main] DEBUG org.apache.http.headers -- http-outgoing-2 >> Connection: Keep-Alive
16:26:12.344 [main] DEBUG org.apache.http.headers -- http-outgoing-2 >> User-Agent: Apache-HttpClient/4.5.14 (Java/17.0.15)
16:26:12.344 [main] DEBUG org.apache.http.headers -- http-outgoing-2 >> Accept-Encoding: gzip,deflate
16:26:12.344 [main] DEBUG org.apache.http.wire -- http-outgoing-2 >> "PUT /v2/pet HTTP/1.1[\r][\n]"
16:26:12.344 [main] DEBUG org.apache.http.wire -- http-outgoing-2 >> "Content-Type: application/json; charset=UTF-8[\r][\n]"
16:26:12.344 [main] DEBUG org.apache.http.wire -- http-outgoing-2 >> "Content-Length: 144[\r][\n]"
16:26:12.344 [main] DEBUG org.apache.http.wire -- http-outgoing-2 >> "Host: petstore.swagger.io[\r][\n]"
16:26:12.344 [main] DEBUG org.apache.http.wire -- http-outgoing-2 >> "Connection: Keep-Alive[\r][\n]"
16:26:12.344 [main] DEBUG org.apache.http.wire -- http-outgoing-2 >> "User-Agent: Apache-HttpClient/4.5.14 (Java/17.0.15)[\r][\n]"
16:26:12.344 [main] DEBUG org.apache.http.wire -- http-outgoing-2 >> "Accept-Encoding: gzip,deflate[\r][\n]"
16:26:12.344 [main] DEBUG org.apache.http.wire -- http-outgoing-2 >> "[\r][\n]"
16:26:12.344 [main] DEBUG org.apache.http.wire -- http-outgoing-2 >> "{"id":10001,"category":{"id":1,"name":"Dogs"},"name":"new_doggie_name","photoUrls":["string"],"tags":[{"id":0,"name":"string"}],"status":"sold"}"
16:26:12.427 [main] DEBUG org.apache.http.wire -- http-outgoing-2 << "HTTP/1.1 200 OK[\r][\n]"
16:26:12.427 [main] DEBUG org.apache.http.wire -- http-outgoing-2 << "Date: Tue, 05 Aug 2025 21:26:12 GMT[\r][\n]"
16:26:12.427 [main] DEBUG org.apache.http.wire -- http-outgoing-2 << "Content-Type: application/json[\r][\n]"
16:26:12.427 [main] DEBUG org.apache.http.wire -- http-outgoing-2 << "Transfer-Encoding: chunked[\r][\n]"
16:26:12.428 [main] DEBUG org.apache.http.wire -- http-outgoing-2 << "Connection: keep-alive[\r][\n]"
16:26:12.428 [main] DEBUG org.apache.http.wire -- http-outgoing-2 << "Access-Control-Allow-Origin: *[\r][\n]"
16:26:12.428 [main] DEBUG org.apache.http.wire -- http-outgoing-2 << "Access-Control-Allow-Methods: GET, POST, DELETE, PUT[\r][\n]"
16:26:12.428 [main] DEBUG org.apache.http.wire -- http-outgoing-2 << "Access-Control-Allow-Headers: Content-Type, api_key, Authorization[\r][\n]"
16:26:12.428 [main] DEBUG org.apache.http.wire -- http-outgoing-2 << "Server: Jetty(9.2.9.v20150224)[\r][\n]"
16:26:12.428 [main] DEBUG org.apache.http.wire -- http-outgoing-2 << "[\r][\n]"
16:26:12.429 [main] DEBUG org.apache.http.wire -- http-outgoing-2 << "90[\r][\n]"
16:26:12.429 [main] DEBUG org.apache.http.wire -- http-outgoing-2 << "{"id":10001,"category":{"id":1,"name":"Dogs"},"name":"new_doggie_name","photoUrls":["string"],"tags":[{"id":0,"name":"string"}],"status":"sold"}[\r][\n]"
16:26:12.429 [main] DEBUG org.apache.http.headers -- http-outgoing-2 << HTTP/1.1 200 OK
16:26:12.429 [main] DEBUG org.apache.http.headers -- http-outgoing-2 << Date: Tue, 05 Aug 2025 21:26:12 GMT
16:26:12.430 [main] DEBUG org.apache.http.headers -- http-outgoing-2 << Content-Type: application/json
16:26:12.430 [main] DEBUG org.apache.http.headers -- http-outgoing-2 << Transfer-Encoding: chunked
16:26:12.430 [main] DEBUG org.apache.http.headers -- http-outgoing-2 << Connection: keep-alive
16:26:12.430 [main] DEBUG org.apache.http.headers -- http-outgoing-2 << Access-Control-Allow-Origin: *
16:26:12.430 [main] DEBUG org.apache.http.headers -- http-outgoing-2 << Access-Control-Allow-Methods: GET, POST, DELETE, PUT
16:26:12.430 [main] DEBUG org.apache.http.headers -- http-outgoing-2 << Access-Control-Allow-Headers: Content-Type, api_key, Authorization
16:26:12.430 [main] DEBUG org.apache.http.headers -- http-outgoing-2 << Server: Jetty(9.2.9.v20150224)
16:26:12.431 [main] DEBUG org.apache.http.impl.execchain.MainClientExec -- Connection can be kept alive indefinitely
16:26:12.432 [main] DEBUG org.apache.http.wire -- http-outgoing-2 << "0[\r][\n]"
16:26:12.432 [main] DEBUG org.apache.http.wire -- http-outgoing-2 << "[\r][\n]"
16:26:12.432 [main] DEBUG org.apache.http.impl.conn.PoolingHttpClientConnectionManager -- Connection [id: 2][route: {s}->https://petstore.swagger.io:443] can be kept alive indefinitely
16:26:12.432 [main] DEBUG org.apache.http.impl.conn.DefaultManagedHttpClientConnection -- http-outgoing-2: set socket timeout to 0
16:26:12.432 [main] DEBUG org.apache.http.impl.conn.PoolingHttpClientConnectionManager -- Connection released: [id: 2][route: {s}->https://petstore.swagger.io:443][total available: 1; route allocated: 1 of 5; total allocated: 1 of 10]
16:26:12.432 [main] DEBUG org.apache.http.impl.conn.PoolingHttpClientConnectionManager -- Connection manager is shutting down
16:26:12.432 [main] DEBUG org.apache.http.impl.conn.DefaultManagedHttpClientConnection -- http-outgoing-2: Close connection
16:26:12.432 [main] DEBUG org.apache.http.impl.conn.PoolingHttpClientConnectionManager -- Connection manager shut down
16:26:12.432 [main] DEBUG com.intuit.karate -- response time in milliseconds: 256
3 < 200
3 < Date: Tue, 05 Aug 2025 21:26:12 GMT
3 < Content-Type: application/json
3 < Transfer-Encoding: chunked
3 < Connection: keep-alive
3 < Access-Control-Allow-Origin: *
3 < Access-Control-Allow-Methods: GET, POST, DELETE, PUT
3 < Access-Control-Allow-Headers: Content-Type, api_key, Authorization
3 < Server: Jetty(9.2.9.v20150224)
{"id":10001,"category":{"id":1,"name":"Dogs"},"name":"new_doggie_name","photoUrls":["string"],"tags":[{"id":0,"name":"string"}],"status":"sold"}

16:26:12.432 [main] INFO com.intuit.karate -- [print] {
  "id": 10001,
  "category": {
    "id": 1,
    "name": "Dogs"
  },
  "name": "new_doggie_name",
  "photoUrls": [
    "string"
  ],
  "tags": [
    {
      "id": 0,
      "name": "string"
    }
  ],
  "status": "sold"
}
 
16:26:12.432 [main] DEBUG com.jayway.jsonpath.internal.path.CompiledPath -- Evaluating path: $['id']
16:26:12.432 [main] DEBUG com.jayway.jsonpath.internal.path.CompiledPath -- Evaluating path: $['name']
16:26:12.432 [main] DEBUG com.jayway.jsonpath.internal.path.CompiledPath -- Evaluating path: $['status']
16:26:12.432 [main] DEBUG org.apache.http.client.protocol.RequestAddCookies -- CookieSpec selected: karate
16:26:12.432 [main] DEBUG org.apache.http.client.protocol.RequestAuthCache -- Auth cache not set in the context
16:26:12.432 [main] DEBUG com.intuit.karate -- request:
4 > GET https://petstore.swagger.io/v2/pet/findByStatus?status=sold
4 > Content-Type: application/json
4 > Host: petstore.swagger.io
4 > Connection: Keep-Alive
4 > User-Agent: Apache-HttpClient/4.5.14 (Java/17.0.15)
4 > Accept-Encoding: gzip,deflate


16:26:12.432 [main] DEBUG org.apache.http.impl.conn.PoolingHttpClientConnectionManager -- Connection request: [route: {s}->https://petstore.swagger.io:443][total available: 0; route allocated: 0 of 5; total allocated: 0 of 10]
16:26:12.432 [main] DEBUG org.apache.http.impl.conn.PoolingHttpClientConnectionManager -- Connection leased: [id: 3][route: {s}->https://petstore.swagger.io:443][total available: 0; route allocated: 1 of 5; total allocated: 1 of 10]
16:26:12.432 [main] DEBUG org.apache.http.impl.execchain.MainClientExec -- Opening connection {s}->https://petstore.swagger.io:443
16:26:12.432 [main] DEBUG org.apache.http.impl.conn.DefaultHttpClientConnectionOperator -- Connecting to petstore.swagger.io/18.207.45.59:443
16:26:12.432 [main] DEBUG org.apache.http.conn.ssl.LenientSslConnectionSocketFactory -- Connecting socket to petstore.swagger.io/18.207.45.59:443 with timeout 5000
16:26:12.516 [main] DEBUG org.apache.http.conn.ssl.LenientSslConnectionSocketFactory -- Enabled protocols: [TLSv1.3, TLSv1.2]
16:26:12.527 [main] DEBUG org.apache.http.conn.ssl.LenientSslConnectionSocketFactory -- Enabled cipher suites:[TLS_AES_256_GCM_SHA384, TLS_AES_128_GCM_SHA256, TLS_CHACHA20_POLY1305_SHA256, TLS_ECDHE_ECDSA_WITH_AES_256_GCM_SHA384, TLS_ECDHE_ECDSA_WITH_AES_128_GCM_SHA256, TLS_ECDHE_ECDSA_WITH_CHACHA20_POLY1305_SHA256, TLS_ECDHE_RSA_WITH_AES_256_GCM_SHA384, TLS_ECDHE_RSA_WITH_CHACHA20_POLY1305_SHA256, TLS_ECDHE_RSA_WITH_AES_128_GCM_SHA256, TLS_DHE_RSA_WITH_AES_256_GCM_SHA384, TLS_DHE_RSA_WITH_CHACHA20_POLY1305_SHA256, TLS_DHE_DSS_WITH_AES_256_GCM_SHA384, TLS_DHE_RSA_WITH_AES_128_GCM_SHA256, TLS_DHE_DSS_WITH_AES_128_GCM_SHA256, TLS_ECDHE_ECDSA_WITH_AES_256_CBC_SHA384, TLS_ECDHE_RSA_WITH_AES_256_CBC_SHA384, TLS_ECDHE_ECDSA_WITH_AES_128_CBC_SHA256, TLS_ECDHE_RSA_WITH_AES_128_CBC_SHA256, TLS_DHE_RSA_WITH_AES_256_CBC_SHA256, TLS_DHE_DSS_WITH_AES_256_CBC_SHA256, TLS_DHE_RSA_WITH_AES_128_CBC_SHA256, TLS_DHE_DSS_WITH_AES_128_CBC_SHA256, TLS_ECDHE_ECDSA_WITH_AES_256_CBC_SHA, TLS_ECDHE_RSA_WITH_AES_256_CBC_SHA, TLS_ECDHE_ECDSA_WITH_AES_128_CBC_SHA, TLS_ECDHE_RSA_WITH_AES_128_CBC_SHA, TLS_DHE_RSA_WITH_AES_256_CBC_SHA, TLS_DHE_DSS_WITH_AES_256_CBC_SHA, TLS_DHE_RSA_WITH_AES_128_CBC_SHA, TLS_DHE_DSS_WITH_AES_128_CBC_SHA, TLS_RSA_WITH_AES_256_GCM_SHA384, TLS_RSA_WITH_AES_128_GCM_SHA256, TLS_RSA_WITH_AES_256_CBC_SHA256, TLS_RSA_WITH_AES_128_CBC_SHA256, TLS_RSA_WITH_AES_256_CBC_SHA, TLS_RSA_WITH_AES_128_CBC_SHA, TLS_EMPTY_RENEGOTIATION_INFO_SCSV]
16:26:12.527 [main] DEBUG org.apache.http.conn.ssl.LenientSslConnectionSocketFactory -- Starting handshake
16:26:12.614 [main] DEBUG org.apache.http.conn.ssl.LenientSslConnectionSocketFactory -- Secure session established
16:26:12.614 [main] DEBUG org.apache.http.conn.ssl.LenientSslConnectionSocketFactory --  negotiated protocol: TLSv1.2
16:26:12.614 [main] DEBUG org.apache.http.conn.ssl.LenientSslConnectionSocketFactory --  negotiated cipher suite: TLS_ECDHE_RSA_WITH_AES_128_GCM_SHA256
16:26:12.614 [main] DEBUG org.apache.http.conn.ssl.LenientSslConnectionSocketFactory --  peer principal: CN=*.swagger.io
16:26:12.614 [main] DEBUG org.apache.http.conn.ssl.LenientSslConnectionSocketFactory --  peer alternative names: [*.swagger.io]
16:26:12.614 [main] DEBUG org.apache.http.conn.ssl.LenientSslConnectionSocketFactory --  issuer principal: CN=Amazon RSA 2048 M02, O=Amazon, C=US
16:26:12.614 [main] DEBUG org.apache.http.impl.conn.DefaultHttpClientConnectionOperator -- Connection established 192.168.50.172:50131<->18.207.45.59:443
16:26:12.614 [main] DEBUG org.apache.http.impl.conn.DefaultManagedHttpClientConnection -- http-outgoing-3: set socket timeout to 5000
16:26:12.614 [main] DEBUG org.apache.http.impl.execchain.MainClientExec -- Executing request GET /v2/pet/findByStatus?status=sold HTTP/1.1
16:26:12.614 [main] DEBUG org.apache.http.impl.execchain.MainClientExec -- Target auth state: UNCHALLENGED
16:26:12.614 [main] DEBUG org.apache.http.impl.execchain.MainClientExec -- Proxy auth state: UNCHALLENGED
16:26:12.614 [main] DEBUG org.apache.http.headers -- http-outgoing-3 >> GET /v2/pet/findByStatus?status=sold HTTP/1.1
16:26:12.614 [main] DEBUG org.apache.http.headers -- http-outgoing-3 >> Content-Type: application/json
16:26:12.614 [main] DEBUG org.apache.http.headers -- http-outgoing-3 >> Host: petstore.swagger.io
16:26:12.614 [main] DEBUG org.apache.http.headers -- http-outgoing-3 >> Connection: Keep-Alive
16:26:12.614 [main] DEBUG org.apache.http.headers -- http-outgoing-3 >> User-Agent: Apache-HttpClient/4.5.14 (Java/17.0.15)
16:26:12.614 [main] DEBUG org.apache.http.headers -- http-outgoing-3 >> Accept-Encoding: gzip,deflate
16:26:12.614 [main] DEBUG org.apache.http.wire -- http-outgoing-3 >> "GET /v2/pet/findByStatus?status=sold HTTP/1.1[\r][\n]"
16:26:12.614 [main] DEBUG org.apache.http.wire -- http-outgoing-3 >> "Content-Type: application/json[\r][\n]"
16:26:12.614 [main] DEBUG org.apache.http.wire -- http-outgoing-3 >> "Host: petstore.swagger.io[\r][\n]"
16:26:12.614 [main] DEBUG org.apache.http.wire -- http-outgoing-3 >> "Connection: Keep-Alive[\r][\n]"
16:26:12.614 [main] DEBUG org.apache.http.wire -- http-outgoing-3 >> "User-Agent: Apache-HttpClient/4.5.14 (Java/17.0.15)[\r][\n]"
16:26:12.614 [main] DEBUG org.apache.http.wire -- http-outgoing-3 >> "Accept-Encoding: gzip,deflate[\r][\n]"
16:26:12.614 [main] DEBUG org.apache.http.wire -- http-outgoing-3 >> "[\r][\n]"
16:26:12.711 [main] DEBUG org.apache.http.wire -- http-outgoing-3 << "HTTP/1.1 200 OK[\r][\n]"
16:26:12.712 [main] DEBUG org.apache.http.wire -- http-outgoing-3 << "Date: Tue, 05 Aug 2025 21:26:12 GMT[\r][\n]"
16:26:12.712 [main] DEBUG org.apache.http.wire -- http-outgoing-3 << "Content-Type: application/json[\r][\n]"
16:26:12.712 [main] DEBUG org.apache.http.wire -- http-outgoing-3 << "Transfer-Encoding: chunked[\r][\n]"
16:26:12.712 [main] DEBUG org.apache.http.wire -- http-outgoing-3 << "Connection: keep-alive[\r][\n]"
16:26:12.712 [main] DEBUG org.apache.http.wire -- http-outgoing-3 << "Access-Control-Allow-Origin: *[\r][\n]"
16:26:12.712 [main] DEBUG org.apache.http.wire -- http-outgoing-3 << "Access-Control-Allow-Methods: GET, POST, DELETE, PUT[\r][\n]"
16:26:12.712 [main] DEBUG org.apache.http.wire -- http-outgoing-3 << "Access-Control-Allow-Headers: Content-Type, api_key, Authorization[\r][\n]"
16:26:12.712 [main] DEBUG org.apache.http.wire -- http-outgoing-3 << "Server: Jetty(9.2.9.v20150224)[\r][\n]"
16:26:12.712 [main] DEBUG org.apache.http.wire -- http-outgoing-3 << "[\r][\n]"
16:26:12.712 [main] DEBUG org.apache.http.wire -- http-outgoing-3 << "1c5e[\r][\n]"
16:26:12.712 [main] DEBUG org.apache.http.wire -- http-outgoing-3 << "[{"id":9223372036854772622,"category":{"id":97228344,"name":"est magna"},"name":"doggie","photoUrls":["commodo cupidatat anim","et elit anim"],"tags":[{"id":32742685,"name":"dolore dolor id"},{"id":-51765349,"name":"officia minim exercitation"}],"status":"sold"},{"id":363,"category":{"id":846,"name":"Handmade Frozen Sausages"},"name":"Eugenia.Lebsack","photoUrls":["http://placeimg.com/640/480/animals"],"tags":[{"id":94,"name":"Voluptatum dolorem aut corporis quos consequatur distinctio delectus cupiditate sequi. Nihil sed rerum vitae. Amet consequatur cum nam nobis. Molestias est et aut et quae est."},{"id":864,"name":"Quia corrupti sed occaecati qui nisi id."}],"status":"sold"},{"id":269,"category":{"id":142,"name":"Ergonomic Rubber Table"},"name":"Gorgeous Fresh Mouse","photoUrls":["http://placeimg.com/640/480/animals"],"tags":[{"id":211,"name":"Officiis ducimus quasi voluptatibus dolorem dolor dolores cupiditate alias. Similique et sint aspernatur. Odit facilis rerum voluptatibus in velit. Magnam harum aut. Magni fuga quia eligendi voluptatibus et doloremque."},{"id":22,"name":"Soluta minus sed fuga reiciendis perferendis. Voluptatem sapiente sed. Minima temporibus enim itaque sed sint aperiam cum voluptatem eveniet. Consequatur iure cum iure commodi alias. Ut ab quis."}],"status":"sold"},{"id":9223372036854772649,"name":"Charlie","photoUrls":[],"tags":[],"status":"sold"},{"id":525467,"category":{"id":19361,"name":"mZKoPzph"},"name":"doggie","photoUrls":["nYZYyP"],"tags":[{"id":923562,"name":"jjJIsxMA"}],"status":"sold"},{"id":7,"category":{"id":0,"name":"cachorro"},"name":"floco","photoUrls":["https://encrypted-tbn2.gstatic.com/images?q=tbn:ANd9GcS7Y6_sozzAdvF72h7Z0j0s6XuoKfc1gjQuDF_ItH1JR6oBRgkMEULyeg5TR0MCWPvbuw8zMV7KEUxMJUipShqC_g"],"tags":[{"id":5,"name":"shitzu"}],"status":"sold"},{"id":567775,"category":{"id":732036,"name":"BNVCeOFb"},"name":"doggie","photoUrls":["lyDNcN"],"tags":[{"id":887015,"name":"RQfhQSnK"}],"status":"sold"},{"id":9223372036854772726,"name":"Charlie","photoUrls":[],"tags":[],"status":"sold"},{"id":9223372036854772761,"name":"Charlie","photoUrls":[],"tags":[],"status":"sold"},{"id":1477,"name":"pidor","photoUrls":["http://example.com/photo.jpg"],"tags":[],"status":"sold"},{"id":1488,"name":"1488","photoUrls":["http://example.com/photo.jpg"],"tags":[],"status":"sold"},{"id":764324,"name":"Rocky_The_Parrot","photoUrls":[],"tags":[],"status":"sold"},{"id":12,"category":{"id":0,"name":"dogs"},"name":"Fido","photoUrls":["string"],"tags":[{"id":0,"name":"string"}],"status":"sold"},{"id":9223372036854772965,"category":{"id":42892111,"name":"dolore laboris exercitation enim"},"name":"doggie","photoUrls":["enim do amet et","in incididunt nulla"],"tags":[{"id":13217034,"name":"Duis in"},{"id":-1050560,"name":"occaecat nulla et Duis"}],"status":"sold"},{"id":56331470,"category":{"id":28262311,"name":"nostrud proident"},"name":"doggie","photoUrls":["sunt dolor veniam aliqua","nulla anim ex"],"tags":[{"id":21515670,"name":"voluptate in elit ani"},{"id":-36858804,"name":"proident non deserunt"}],"status":"sold"},{"id":960107902,"category":{"id":1,"name":"dog"},"name":"Juju","photoUrls":[],"tags":[{"id":1,"name":"vacinado"}],"status":"sold"},{"id":1111,"category":{"id":1,"name":"dog"},"name":"Sim","photoUrls":["string"],"tags":[{"id":0,"name":"string"}],"status":"sold"},{"id":988776655,"category":{"id":0,"name":"mops"},"name":"Villy","status":"sold"},{"id":13,"category":{"id":0,"name":"cats"},"photoUrls":["string"],"tags":[{"id":0,"name":"string"}],"status":"sold"},{"id":9,"category":{"id":0,"name":"cats"},"name":"King Kong","photoUrls":["string"],"tags":[{"id":0,"name":"string"}],"status":"sold"},{"id":1000000000,"category":{"id":0,"name":"string"},"name":"doggie","photoUrls":["string"],"tags":[{"id":0,"name":"string"}],"status":"sold"},{"id":1499,"name":"sollo","photoUrls":["http://example.com/photo.jpg"],"tags":[],"status":"sold"},{"id":743500,"name":"EndToEndTestDog","photoUrls":["http://example.com/photo.png"],"tags":[],"status":"sold"},{"id":16,"category":{"id":1,"name":"boy"},"name":"Tom","photoUrls":["https://upload.wikimedia.org/wikipedia/commons/0/0c/Deutscher_Sch%C3%A4ferhund-_portrait.JPG"],"tags":[{"id":16,"name":"nemeckaya ovcharka"}],"status":"sold"},{"id":10001,"category":{"id":1,"name":"Dogs"},"name":"new_doggie_name","photoUrls":["string"],"tags":[{"id":0,"name":"string"}],"status":"sold"},{"id":1777123123,"category":{"id":1777,"name":"fishs"},"name":"Nemo FISH","photoUrls":["https://www.google.com/imgres?q=fish&imgurl=https%3A%2F%2Fwww.aqueon.com%2F-%2Fmedia%2Fproject%2Foneweb%2Faqueon%2Fus%2Fblog%2Fways-to-know-your-fish-are-happy%2Ffish-are-happy-and-healthy-1.png&imgrefurl=https%3A%2F%2Fwww.aqueon.com%2Farticles%2Fways-to-know-your-fish-are-happy&docid=aYbA3xYlpw0ZcM&tbnid=uVomlcyWEqpA8M&vet=12ahUKEwibjaX_oeOIAxU0BdsEHe31LPwQM3oECB8QAA..i&w=1000&h=650&hcb=2&ved=2ahUKEwibjaX_oeOIAxU0BdsEHe31LPwQM3oECB8QAA","<string>"],"tags":[{"id":1777,"name":"Fish"},{"id":1777,"name":"Fish"}],"status":"sold"},{"id":9223372036854775458,"category":{"id":-1545904,"name":"fishs"},"name":"nemo fish","photoUrls":["fugiat ex","https://img.freepik.com/free-vector/one-goldfish-on-white-background_1308-73185.jpg"],"tags":[{"id":78174477,"name":"sint aliquip"},{"id":34196593,"name":"tempor cillum incididunt exercitation veniam"}],"status":"sold"},{"id":24572652,"category":{"id":70314021,"name":"adipisicing dolore"},"name":"doggie","photoUrls":["magna dolor Ut in","in eiusm"],"tags":[{"id":85643839,"name":"aliquip sit dolor"},{"id":-89364963,"name":"elit id reprehenderit eiusmod exercitation"}],"status":"sold"},{"id":62751340,"category":{"id":-37441254,"name":"aute cillum voluptate veniam"},"name":"doggie","photoUrls":["mollit veniam","dolor enim reprehenderit"],"tags":[{"id":91709679,"name":"anim adipisicing"},{"id":919209,"name":"sint anim"}],"status":"sold"},{"id":23327731,"category":{"id":-92357313,"name":"reprehenderit ut nostrud ut"},"name":"doggie","photoUrls":["Lorem laboris","laboris"],"tags":[{"id":89386643,"name":"elit esse cillum"},{"id":-23396785,"name":"minim consectetur"}],"status":"sold"},{"id":70119872000,"category":{"id":93142102,"name":"[0xd0][0x97][0xd0][0xb0][0xd1][0x8f][0xd1][0x86] [0xd1][0x84][0xd1][0x80][0xd0][0xb0][0xd0][0xbd][0xd1][0x86][0xd1][0x83][0xd0][0xb7][0xd1][0x81][0xd0][0xba][0xd0][0xb8][0xd0][0xb9] 2"},"name":"LAPIN LAPIN","photoUrls":["mollit","https://irecommend.ru/sites/default/files/product-images/98227/3lJyZagay9aoxv06o6TJCQ.jpg"],"tags":[{"id":-19037377,"name":"deserunt veniam nulla reprehenderit"},{"id":51503358,"name":"ullamco aliqua Excepteur cillum"}],"status":"sold"},{"id":38541659,"category":{"id":-70999792,"name":"dolore aliqua irure"},"name":"doggie","photoUrls":["cupidatat quis","ipsum deserunt"],"tags":[{"id":96985450,"name":"proident adipisicing officia"},{"id":-17203769,"name":"sunt reprehenderit"}],"status":"sold"},{"id":9223372036854773917,"category":{"id":0,"name":"string"},"name":"boss2.0","photoUrls":["string"],"tags":[{"id":0,"name":"string"}],"status":"sold"},{"id":9223372036854775786,"category":{"id":-27322073,"name":"in nulla"},"name":"doggie","photoUrls":["laborum nostrud nisi","velit"],"tags":[{"id":54262278,"name":"nostrud in elit do Excepteur"},{"id":78506224,"name":"pariatur eu ex"}],"status":"sold"},{"id":1,"category":{"id":1,"name":"cat"},"name":"dog","photoUrls":[],"tags":[],"status":"sold"}][\r][\n]"
16:26:12.712 [main] DEBUG org.apache.http.headers -- http-outgoing-3 << HTTP/1.1 200 OK
16:26:12.712 [main] DEBUG org.apache.http.headers -- http-outgoing-3 << Date: Tue, 05 Aug 2025 21:26:12 GMT
16:26:12.712 [main] DEBUG org.apache.http.headers -- http-outgoing-3 << Content-Type: application/json
16:26:12.712 [main] DEBUG org.apache.http.headers -- http-outgoing-3 << Transfer-Encoding: chunked
16:26:12.712 [main] DEBUG org.apache.http.headers -- http-outgoing-3 << Connection: keep-alive
16:26:12.712 [main] DEBUG org.apache.http.headers -- http-outgoing-3 << Access-Control-Allow-Origin: *
16:26:12.712 [main] DEBUG org.apache.http.headers -- http-outgoing-3 << Access-Control-Allow-Methods: GET, POST, DELETE, PUT
16:26:12.712 [main] DEBUG org.apache.http.headers -- http-outgoing-3 << Access-Control-Allow-Headers: Content-Type, api_key, Authorization
16:26:12.712 [main] DEBUG org.apache.http.headers -- http-outgoing-3 << Server: Jetty(9.2.9.v20150224)
16:26:12.712 [main] DEBUG org.apache.http.impl.execchain.MainClientExec -- Connection can be kept alive indefinitely
16:26:12.712 [main] DEBUG org.apache.http.wire -- http-outgoing-3 << "0[\r][\n]"
16:26:12.712 [main] DEBUG org.apache.http.wire -- http-outgoing-3 << "[\r][\n]"
16:26:12.712 [main] DEBUG org.apache.http.impl.conn.PoolingHttpClientConnectionManager -- Connection [id: 3][route: {s}->https://petstore.swagger.io:443] can be kept alive indefinitely
16:26:12.712 [main] DEBUG org.apache.http.impl.conn.DefaultManagedHttpClientConnection -- http-outgoing-3: set socket timeout to 0
16:26:12.712 [main] DEBUG org.apache.http.impl.conn.PoolingHttpClientConnectionManager -- Connection released: [id: 3][route: {s}->https://petstore.swagger.io:443][total available: 1; route allocated: 1 of 5; total allocated: 1 of 10]
16:26:12.712 [main] DEBUG org.apache.http.impl.conn.PoolingHttpClientConnectionManager -- Connection manager is shutting down
16:26:12.712 [main] DEBUG org.apache.http.impl.conn.DefaultManagedHttpClientConnection -- http-outgoing-3: Close connection
16:26:12.712 [main] DEBUG org.apache.http.impl.conn.PoolingHttpClientConnectionManager -- Connection manager shut down
16:26:12.712 [main] DEBUG com.intuit.karate -- response time in milliseconds: 280
4 < 200
4 < Date: Tue, 05 Aug 2025 21:26:12 GMT
4 < Content-Type: application/json
4 < Transfer-Encoding: chunked
4 < Connection: keep-alive
4 < Access-Control-Allow-Origin: *
4 < Access-Control-Allow-Methods: GET, POST, DELETE, PUT
4 < Access-Control-Allow-Headers: Content-Type, api_key, Authorization
4 < Server: Jetty(9.2.9.v20150224)
[{"id":9223372036854772622,"category":{"id":97228344,"name":"est magna"},"name":"doggie","photoUrls":["commodo cupidatat anim","et elit anim"],"tags":[{"id":32742685,"name":"dolore dolor id"},{"id":-51765349,"name":"officia minim exercitation"}],"status":"sold"},{"id":363,"category":{"id":846,"name":"Handmade Frozen Sausages"},"name":"Eugenia.Lebsack","photoUrls":["http://placeimg.com/640/480/animals"],"tags":[{"id":94,"name":"Voluptatum dolorem aut corporis quos consequatur distinctio delectus cupiditate sequi. Nihil sed rerum vitae. Amet consequatur cum nam nobis. Molestias est et aut et quae est."},{"id":864,"name":"Quia corrupti sed occaecati qui nisi id."}],"status":"sold"},{"id":269,"category":{"id":142,"name":"Ergonomic Rubber Table"},"name":"Gorgeous Fresh Mouse","photoUrls":["http://placeimg.com/640/480/animals"],"tags":[{"id":211,"name":"Officiis ducimus quasi voluptatibus dolorem dolor dolores cupiditate alias. Similique et sint aspernatur. Odit facilis rerum voluptatibus in velit. Magnam harum aut. Magni fuga quia eligendi voluptatibus et doloremque."},{"id":22,"name":"Soluta minus sed fuga reiciendis perferendis. Voluptatem sapiente sed. Minima temporibus enim itaque sed sint aperiam cum voluptatem eveniet. Consequatur iure cum iure commodi alias. Ut ab quis."}],"status":"sold"},{"id":9223372036854772649,"name":"Charlie","photoUrls":[],"tags":[],"status":"sold"},{"id":525467,"category":{"id":19361,"name":"mZKoPzph"},"name":"doggie","photoUrls":["nYZYyP"],"tags":[{"id":923562,"name":"jjJIsxMA"}],"status":"sold"},{"id":7,"category":{"id":0,"name":"cachorro"},"name":"floco","photoUrls":["https://encrypted-tbn2.gstatic.com/images?q=tbn:ANd9GcS7Y6_sozzAdvF72h7Z0j0s6XuoKfc1gjQuDF_ItH1JR6oBRgkMEULyeg5TR0MCWPvbuw8zMV7KEUxMJUipShqC_g"],"tags":[{"id":5,"name":"shitzu"}],"status":"sold"},{"id":567775,"category":{"id":732036,"name":"BNVCeOFb"},"name":"doggie","photoUrls":["lyDNcN"],"tags":[{"id":887015,"name":"RQfhQSnK"}],"status":"sold"},{"id":9223372036854772726,"name":"Charlie","photoUrls":[],"tags":[],"status":"sold"},{"id":9223372036854772761,"name":"Charlie","photoUrls":[],"tags":[],"status":"sold"},{"id":1477,"name":"pidor","photoUrls":["http://example.com/photo.jpg"],"tags":[],"status":"sold"},{"id":1488,"name":"1488","photoUrls":["http://example.com/photo.jpg"],"tags":[],"status":"sold"},{"id":764324,"name":"Rocky_The_Parrot","photoUrls":[],"tags":[],"status":"sold"},{"id":12,"category":{"id":0,"name":"dogs"},"name":"Fido","photoUrls":["string"],"tags":[{"id":0,"name":"string"}],"status":"sold"},{"id":9223372036854772965,"category":{"id":42892111,"name":"dolore laboris exercitation enim"},"name":"doggie","photoUrls":["enim do amet et","in incididunt nulla"],"tags":[{"id":13217034,"name":"Duis in"},{"id":-1050560,"name":"occaecat nulla et Duis"}],"status":"sold"},{"id":56331470,"category":{"id":28262311,"name":"nostrud proident"},"name":"doggie","photoUrls":["sunt dolor veniam aliqua","nulla anim ex"],"tags":[{"id":21515670,"name":"voluptate in elit ani"},{"id":-36858804,"name":"proident non deserunt"}],"status":"sold"},{"id":960107902,"category":{"id":1,"name":"dog"},"name":"Juju","photoUrls":[],"tags":[{"id":1,"name":"vacinado"}],"status":"sold"},{"id":1111,"category":{"id":1,"name":"dog"},"name":"Sim","photoUrls":["string"],"tags":[{"id":0,"name":"string"}],"status":"sold"},{"id":988776655,"category":{"id":0,"name":"mops"},"name":"Villy","status":"sold"},{"id":13,"category":{"id":0,"name":"cats"},"photoUrls":["string"],"tags":[{"id":0,"name":"string"}],"status":"sold"},{"id":9,"category":{"id":0,"name":"cats"},"name":"King Kong","photoUrls":["string"],"tags":[{"id":0,"name":"string"}],"status":"sold"},{"id":1000000000,"category":{"id":0,"name":"string"},"name":"doggie","photoUrls":["string"],"tags":[{"id":0,"name":"string"}],"status":"sold"},{"id":1499,"name":"sollo","photoUrls":["http://example.com/photo.jpg"],"tags":[],"status":"sold"},{"id":743500,"name":"EndToEndTestDog","photoUrls":["http://example.com/photo.png"],"tags":[],"status":"sold"},{"id":16,"category":{"id":1,"name":"boy"},"name":"Tom","photoUrls":["https://upload.wikimedia.org/wikipedia/commons/0/0c/Deutscher_Sch%C3%A4ferhund-_portrait.JPG"],"tags":[{"id":16,"name":"nemeckaya ovcharka"}],"status":"sold"},{"id":10001,"category":{"id":1,"name":"Dogs"},"name":"new_doggie_name","photoUrls":["string"],"tags":[{"id":0,"name":"string"}],"status":"sold"},{"id":1777123123,"category":{"id":1777,"name":"fishs"},"name":"Nemo FISH","photoUrls":["https://www.google.com/imgres?q=fish&imgurl=https%3A%2F%2Fwww.aqueon.com%2F-%2Fmedia%2Fproject%2Foneweb%2Faqueon%2Fus%2Fblog%2Fways-to-know-your-fish-are-happy%2Ffish-are-happy-and-healthy-1.png&imgrefurl=https%3A%2F%2Fwww.aqueon.com%2Farticles%2Fways-to-know-your-fish-are-happy&docid=aYbA3xYlpw0ZcM&tbnid=uVomlcyWEqpA8M&vet=12ahUKEwibjaX_oeOIAxU0BdsEHe31LPwQM3oECB8QAA..i&w=1000&h=650&hcb=2&ved=2ahUKEwibjaX_oeOIAxU0BdsEHe31LPwQM3oECB8QAA","<string>"],"tags":[{"id":1777,"name":"Fish"},{"id":1777,"name":"Fish"}],"status":"sold"},{"id":9223372036854775458,"category":{"id":-1545904,"name":"fishs"},"name":"nemo fish","photoUrls":["fugiat ex","https://img.freepik.com/free-vector/one-goldfish-on-white-background_1308-73185.jpg"],"tags":[{"id":78174477,"name":"sint aliquip"},{"id":34196593,"name":"tempor cillum incididunt exercitation veniam"}],"status":"sold"},{"id":24572652,"category":{"id":70314021,"name":"adipisicing dolore"},"name":"doggie","photoUrls":["magna dolor Ut in","in eiusm"],"tags":[{"id":85643839,"name":"aliquip sit dolor"},{"id":-89364963,"name":"elit id reprehenderit eiusmod exercitation"}],"status":"sold"},{"id":62751340,"category":{"id":-37441254,"name":"aute cillum voluptate veniam"},"name":"doggie","photoUrls":["mollit veniam","dolor enim reprehenderit"],"tags":[{"id":91709679,"name":"anim adipisicing"},{"id":919209,"name":"sint anim"}],"status":"sold"},{"id":23327731,"category":{"id":-92357313,"name":"reprehenderit ut nostrud ut"},"name":"doggie","photoUrls":["Lorem laboris","laboris"],"tags":[{"id":89386643,"name":"elit esse cillum"},{"id":-23396785,"name":"minim consectetur"}],"status":"sold"},{"id":70119872000,"category":{"id":93142102,"name":"???? ??????????? 2"},"name":"LAPIN LAPIN","photoUrls":["mollit","https://irecommend.ru/sites/default/files/product-images/98227/3lJyZagay9aoxv06o6TJCQ.jpg"],"tags":[{"id":-19037377,"name":"deserunt veniam nulla reprehenderit"},{"id":51503358,"name":"ullamco aliqua Excepteur cillum"}],"status":"sold"},{"id":38541659,"category":{"id":-70999792,"name":"dolore aliqua irure"},"name":"doggie","photoUrls":["cupidatat quis","ipsum deserunt"],"tags":[{"id":96985450,"name":"proident adipisicing officia"},{"id":-17203769,"name":"sunt reprehenderit"}],"status":"sold"},{"id":9223372036854773917,"category":{"id":0,"name":"string"},"name":"boss2.0","photoUrls":["string"],"tags":[{"id":0,"name":"string"}],"status":"sold"},{"id":9223372036854775786,"category":{"id":-27322073,"name":"in nulla"},"name":"doggie","photoUrls":["laborum nostrud nisi","velit"],"tags":[{"id":54262278,"name":"nostrud in elit do Excepteur"},{"id":78506224,"name":"pariatur eu ex"}],"status":"sold"},{"id":1,"category":{"id":1,"name":"cat"},"name":"dog","photoUrls":[],"tags":[],"status":"sold"}]

16:26:12.718 [main] INFO com.intuit.karate -- [print] [
  {
    "id": 9223372036854772622,
    "category": {
      "id": 97228344,
      "name": "est magna"
    },
    "name": "doggie",
    "photoUrls": [
      "commodo cupidatat anim",
      "et elit anim"
    ],
    "tags": [
      {
        "id": 32742685,
        "name": "dolore dolor id"
      },
      {
        "id": -51765349,
        "name": "officia minim exercitation"
      }
    ],
    "status": "sold"
  },
  {
    "id": 363,
    "category": {
      "id": 846,
      "name": "Handmade Frozen Sausages"
    },
    "name": "Eugenia.Lebsack",
    "photoUrls": [
      "http://placeimg.com/640/480/animals"
    ],
    "tags": [
      {
        "id": 94,
        "name": "Voluptatum dolorem aut corporis quos consequatur distinctio delectus cupiditate sequi. Nihil sed rerum vitae. Amet consequatur cum nam nobis. Molestias est et aut et quae est."
      },
      {
        "id": 864,
        "name": "Quia corrupti sed occaecati qui nisi id."
      }
    ],
    "status": "sold"
  },
  {
    "id": 269,
    "category": {
      "id": 142,
      "name": "Ergonomic Rubber Table"
    },
    "name": "Gorgeous Fresh Mouse",
    "photoUrls": [
      "http://placeimg.com/640/480/animals"
    ],
    "tags": [
      {
        "id": 211,
        "name": "Officiis ducimus quasi voluptatibus dolorem dolor dolores cupiditate alias. Similique et sint aspernatur. Odit facilis rerum voluptatibus in velit. Magnam harum aut. Magni fuga quia eligendi voluptatibus et doloremque."
      },
      {
        "id": 22,
        "name": "Soluta minus sed fuga reiciendis perferendis. Voluptatem sapiente sed. Minima temporibus enim itaque sed sint aperiam cum voluptatem eveniet. Consequatur iure cum iure commodi alias. Ut ab quis."
      }
    ],
    "status": "sold"
  },
  {
    "id": 9223372036854772649,
    "name": "Charlie",
    "photoUrls": [
    ],
    "tags": [
    ],
    "status": "sold"
  },
  {
    "id": 525467,
    "category": {
      "id": 19361,
      "name": "mZKoPzph"
    },
    "name": "doggie",
    "photoUrls": [
      "nYZYyP"
    ],
    "tags": [
      {
        "id": 923562,
        "name": "jjJIsxMA"
      }
    ],
    "status": "sold"
  },
  {
    "id": 7,
    "category": {
      "id": 0,
      "name": "cachorro"
    },
    "name": "floco",
    "photoUrls": [
      "https://encrypted-tbn2.gstatic.com/images?q=tbn:ANd9GcS7Y6_sozzAdvF72h7Z0j0s6XuoKfc1gjQuDF_ItH1JR6oBRgkMEULyeg5TR0MCWPvbuw8zMV7KEUxMJUipShqC_g"
    ],
    "tags": [
      {
        "id": 5,
        "name": "shitzu"
      }
    ],
    "status": "sold"
  },
  {
    "id": 567775,
    "category": {
      "id": 732036,
      "name": "BNVCeOFb"
    },
    "name": "doggie",
    "photoUrls": [
      "lyDNcN"
    ],
    "tags": [
      {
        "id": 887015,
        "name": "RQfhQSnK"
      }
    ],
    "status": "sold"
  },
  {
    "id": 9223372036854772726,
    "name": "Charlie",
    "photoUrls": [
    ],
    "tags": [
    ],
    "status": "sold"
  },
  {
    "id": 9223372036854772761,
    "name": "Charlie",
    "photoUrls": [
    ],
    "tags": [
    ],
    "status": "sold"
  },
  {
    "id": 1477,
    "name": "pidor",
    "photoUrls": [
      "http://example.com/photo.jpg"
    ],
    "tags": [
    ],
    "status": "sold"
  },
  {
    "id": 1488,
    "name": "1488",
    "photoUrls": [
      "http://example.com/photo.jpg"
    ],
    "tags": [
    ],
    "status": "sold"
  },
  {
    "id": 764324,
    "name": "Rocky_The_Parrot",
    "photoUrls": [
    ],
    "tags": [
    ],
    "status": "sold"
  },
  {
    "id": 12,
    "category": {
      "id": 0,
      "name": "dogs"
    },
    "name": "Fido",
    "photoUrls": [
      "string"
    ],
    "tags": [
      {
        "id": 0,
        "name": "string"
      }
    ],
    "status": "sold"
  },
  {
    "id": 9223372036854772965,
    "category": {
      "id": 42892111,
      "name": "dolore laboris exercitation enim"
    },
    "name": "doggie",
    "photoUrls": [
      "enim do amet et",
      "in incididunt nulla"
    ],
    "tags": [
      {
        "id": 13217034,
        "name": "Duis in"
      },
      {
        "id": -1050560,
        "name": "occaecat nulla et Duis"
      }
    ],
    "status": "sold"
  },
  {
    "id": 56331470,
    "category": {
      "id": 28262311,
      "name": "nostrud proident"
    },
    "name": "doggie",
    "photoUrls": [
      "sunt dolor veniam aliqua",
      "nulla anim ex"
    ],
    "tags": [
      {
        "id": 21515670,
        "name": "voluptate in elit ani"
      },
      {
        "id": -36858804,
        "name": "proident non deserunt"
      }
    ],
    "status": "sold"
  },
  {
    "id": 960107902,
    "category": {
      "id": 1,
      "name": "dog"
    },
    "name": "Juju",
    "photoUrls": [
    ],
    "tags": [
      {
        "id": 1,
        "name": "vacinado"
      }
    ],
    "status": "sold"
  },
  {
    "id": 1111,
    "category": {
      "id": 1,
      "name": "dog"
    },
    "name": "Sim",
    "photoUrls": [
      "string"
    ],
    "tags": [
      {
        "id": 0,
        "name": "string"
      }
    ],
    "status": "sold"
  },
  {
    "id": 988776655,
    "category": {
      "id": 0,
      "name": "mops"
    },
    "name": "Villy",
    "status": "sold"
  },
  {
    "id": 13,
    "category": {
      "id": 0,
      "name": "cats"
    },
    "photoUrls": [
      "string"
    ],
    "tags": [
      {
        "id": 0,
        "name": "string"
      }
    ],
    "status": "sold"
  },
  {
    "id": 9,
    "category": {
      "id": 0,
      "name": "cats"
    },
    "name": "King Kong",
    "photoUrls": [
      "string"
    ],
    "tags": [
      {
        "id": 0,
        "name": "string"
      }
    ],
    "status": "sold"
  },
  {
    "id": 1000000000,
    "category": {
      "id": 0,
      "name": "string"
    },
    "name": "doggie",
    "photoUrls": [
      "string"
    ],
    "tags": [
      {
        "id": 0,
        "name": "string"
      }
    ],
    "status": "sold"
  },
  {
    "id": 1499,
    "name": "sollo",
    "photoUrls": [
      "http://example.com/photo.jpg"
    ],
    "tags": [
    ],
    "status": "sold"
  },
  {
    "id": 743500,
    "name": "EndToEndTestDog",
    "photoUrls": [
      "http://example.com/photo.png"
    ],
    "tags": [
    ],
    "status": "sold"
  },
  {
    "id": 16,
    "category": {
      "id": 1,
      "name": "boy"
    },
    "name": "Tom",
    "photoUrls": [
      "https://upload.wikimedia.org/wikipedia/commons/0/0c/Deutscher_Sch%C3%A4ferhund-_portrait.JPG"
    ],
    "tags": [
      {
        "id": 16,
        "name": "nemeckaya ovcharka"
      }
    ],
    "status": "sold"
  },
  {
    "id": 10001,
    "category": {
      "id": 1,
      "name": "Dogs"
    },
    "name": "new_doggie_name",
    "photoUrls": [
      "string"
    ],
    "tags": [
      {
        "id": 0,
        "name": "string"
      }
    ],
    "status": "sold"
  },
  {
    "id": 1777123123,
    "category": {
      "id": 1777,
      "name": "fishs"
    },
    "name": "Nemo FISH",
    "photoUrls": [
      "https://www.google.com/imgres?q=fish&imgurl=https%3A%2F%2Fwww.aqueon.com%2F-%2Fmedia%2Fproject%2Foneweb%2Faqueon%2Fus%2Fblog%2Fways-to-know-your-fish-are-happy%2Ffish-are-happy-and-healthy-1.png&imgrefurl=https%3A%2F%2Fwww.aqueon.com%2Farticles%2Fways-to-know-your-fish-are-happy&docid=aYbA3xYlpw0ZcM&tbnid=uVomlcyWEqpA8M&vet=12ahUKEwibjaX_oeOIAxU0BdsEHe31LPwQM3oECB8QAA..i&w=1000&h=650&hcb=2&ved=2ahUKEwibjaX_oeOIAxU0BdsEHe31LPwQM3oECB8QAA",
      "<string>"
    ],
    "tags": [
      {
        "id": 1777,
        "name": "Fish"
      },
      {
        "id": 1777,
        "name": "Fish"
      }
    ],
    "status": "sold"
  },
  {
    "id": 9223372036854775458,
    "category": {
      "id": -1545904,
      "name": "fishs"
    },
    "name": "nemo fish",
    "photoUrls": [
      "fugiat ex",
      "https://img.freepik.com/free-vector/one-goldfish-on-white-background_1308-73185.jpg"
    ],
    "tags": [
      {
        "id": 78174477,
        "name": "sint aliquip"
      },
      {
        "id": 34196593,
        "name": "tempor cillum incididunt exercitation veniam"
      }
    ],
    "status": "sold"
  },
  {
    "id": 24572652,
    "category": {
      "id": 70314021,
      "name": "adipisicing dolore"
    },
    "name": "doggie",
    "photoUrls": [
      "magna dolor Ut in",
      "in eiusm"
    ],
    "tags": [
      {
        "id": 85643839,
        "name": "aliquip sit dolor"
      },
      {
        "id": -89364963,
        "name": "elit id reprehenderit eiusmod exercitation"
      }
    ],
    "status": "sold"
  },
  {
    "id": 62751340,
    "category": {
      "id": -37441254,
      "name": "aute cillum voluptate veniam"
    },
    "name": "doggie",
    "photoUrls": [
      "mollit veniam",
      "dolor enim reprehenderit"
    ],
    "tags": [
      {
        "id": 91709679,
        "name": "anim adipisicing"
      },
      {
        "id": 919209,
        "name": "sint anim"
      }
    ],
    "status": "sold"
  },
  {
    "id": 23327731,
    "category": {
      "id": -92357313,
      "name": "reprehenderit ut nostrud ut"
    },
    "name": "doggie",
    "photoUrls": [
      "Lorem laboris",
      "laboris"
    ],
    "tags": [
      {
        "id": 89386643,
        "name": "elit esse cillum"
      },
      {
        "id": -23396785,
        "name": "minim consectetur"
      }
    ],
    "status": "sold"
  },
  {
    "id": 70119872000,
    "category": {
      "id": 93142102,
      "name": "???? ??????????? 2"
    },
    "name": "LAPIN LAPIN",
    "photoUrls": [
      "mollit",
      "https://irecommend.ru/sites/default/files/product-images/98227/3lJyZagay9aoxv06o6TJCQ.jpg"
    ],
    "tags": [
      {
        "id": -19037377,
        "name": "deserunt veniam nulla reprehenderit"
      },
      {
        "id": 51503358,
        "name": "ullamco aliqua Excepteur cillum"
      }
    ],
    "status": "sold"
  },
  {
    "id": 38541659,
    "category": {
      "id": -70999792,
      "name": "dolore aliqua irure"
    },
    "name": "doggie",
    "photoUrls": [
      "cupidatat quis",
      "ipsum deserunt"
    ],
    "tags": [
      {
        "id": 96985450,
        "name": "proident adipisicing officia"
      },
      {
        "id": -17203769,
        "name": "sunt reprehenderit"
      }
    ],
    "status": "sold"
  },
  {
    "id": 9223372036854773917,
    "category": {
      "id": 0,
      "name": "string"
    },
    "name": "boss2.0",
    "photoUrls": [
      "string"
    ],
    "tags": [
      {
        "id": 0,
        "name": "string"
      }
    ],
    "status": "sold"
  },
  {
    "id": 9223372036854775786,
    "category": {
      "id": -27322073,
      "name": "in nulla"
    },
    "name": "doggie",
    "photoUrls": [
      "laborum nostrud nisi",
      "velit"
    ],
    "tags": [
      {
        "id": 54262278,
        "name": "nostrud in elit do Excepteur"
      },
      {
        "id": 78506224,
        "name": "pariatur eu ex"
      }
    ],
    "status": "sold"
  },
  {
    "id": 1,
    "category": {
      "id": 1,
      "name": "cat"
    },
    "name": "dog",
    "photoUrls": [
    ],
    "tags": [
    ],
    "status": "sold"
  }
]
 
16:26:12.735 [main] DEBUG com.jayway.jsonpath.internal.path.CompiledPath -- Evaluating path: $[0]['id']
16:26:12.736 [main] DEBUG com.jayway.jsonpath.internal.path.CompiledPath -- Evaluating path: $[0]['name']
16:26:12.736 [main] DEBUG com.jayway.jsonpath.internal.path.CompiledPath -- Evaluating path: $[0]['status']
]]></system-out>
  </testcase>
  <testcase name="[1.2:88] Añadir una nueva mascota, consultar, actualizar y consultar por estado" classname="karate/petstore/pet" time="1.268">
    <system-out><![CDATA[16:26:12.745 [main] DEBUG com.jayway.jsonpath.internal.path.CompiledPath -- Evaluating path: $
16:26:12.745 [main] DEBUG com.jayway.jsonpath.internal.path.CompiledPath -- Evaluating path: $
16:26:12.745 [main] DEBUG org.apache.http.client.protocol.RequestAddCookies -- CookieSpec selected: karate
16:26:12.745 [main] DEBUG org.apache.http.client.protocol.RequestAuthCache -- Auth cache not set in the context
16:26:12.745 [main] DEBUG com.intuit.karate -- request:
1 > POST https://petstore.swagger.io/v2/pet
1 > Content-Type: application/json; charset=UTF-8
1 > Content-Length: 139
1 > Host: petstore.swagger.io
1 > Connection: Keep-Alive
1 > User-Agent: Apache-HttpClient/4.5.14 (Java/17.0.15)
1 > Accept-Encoding: gzip,deflate
{"id":10002,"category":{"id":2,"name":"Cats"},"name":"kitty","photoUrls":["string"],"tags":[{"id":0,"name":"string"}],"status":"available"}

16:26:12.745 [main] DEBUG org.apache.http.impl.conn.PoolingHttpClientConnectionManager -- Connection request: [route: {s}->https://petstore.swagger.io:443][total available: 0; route allocated: 0 of 5; total allocated: 0 of 10]
16:26:12.745 [main] DEBUG org.apache.http.impl.conn.PoolingHttpClientConnectionManager -- Connection leased: [id: 4][route: {s}->https://petstore.swagger.io:443][total available: 0; route allocated: 1 of 5; total allocated: 1 of 10]
16:26:12.745 [main] DEBUG org.apache.http.impl.execchain.MainClientExec -- Opening connection {s}->https://petstore.swagger.io:443
16:26:12.745 [main] DEBUG org.apache.http.impl.conn.DefaultHttpClientConnectionOperator -- Connecting to petstore.swagger.io/18.207.45.59:443
16:26:12.745 [main] DEBUG org.apache.http.conn.ssl.LenientSslConnectionSocketFactory -- Connecting socket to petstore.swagger.io/18.207.45.59:443 with timeout 5000
16:26:12.835 [main] DEBUG org.apache.http.conn.ssl.LenientSslConnectionSocketFactory -- Enabled protocols: [TLSv1.3, TLSv1.2]
16:26:12.835 [main] DEBUG org.apache.http.conn.ssl.LenientSslConnectionSocketFactory -- Enabled cipher suites:[TLS_AES_256_GCM_SHA384, TLS_AES_128_GCM_SHA256, TLS_CHACHA20_POLY1305_SHA256, TLS_ECDHE_ECDSA_WITH_AES_256_GCM_SHA384, TLS_ECDHE_ECDSA_WITH_AES_128_GCM_SHA256, TLS_ECDHE_ECDSA_WITH_CHACHA20_POLY1305_SHA256, TLS_ECDHE_RSA_WITH_AES_256_GCM_SHA384, TLS_ECDHE_RSA_WITH_CHACHA20_POLY1305_SHA256, TLS_ECDHE_RSA_WITH_AES_128_GCM_SHA256, TLS_DHE_RSA_WITH_AES_256_GCM_SHA384, TLS_DHE_RSA_WITH_CHACHA20_POLY1305_SHA256, TLS_DHE_DSS_WITH_AES_256_GCM_SHA384, TLS_DHE_RSA_WITH_AES_128_GCM_SHA256, TLS_DHE_DSS_WITH_AES_128_GCM_SHA256, TLS_ECDHE_ECDSA_WITH_AES_256_CBC_SHA384, TLS_ECDHE_RSA_WITH_AES_256_CBC_SHA384, TLS_ECDHE_ECDSA_WITH_AES_128_CBC_SHA256, TLS_ECDHE_RSA_WITH_AES_128_CBC_SHA256, TLS_DHE_RSA_WITH_AES_256_CBC_SHA256, TLS_DHE_DSS_WITH_AES_256_CBC_SHA256, TLS_DHE_RSA_WITH_AES_128_CBC_SHA256, TLS_DHE_DSS_WITH_AES_128_CBC_SHA256, TLS_ECDHE_ECDSA_WITH_AES_256_CBC_SHA, TLS_ECDHE_RSA_WITH_AES_256_CBC_SHA, TLS_ECDHE_ECDSA_WITH_AES_128_CBC_SHA, TLS_ECDHE_RSA_WITH_AES_128_CBC_SHA, TLS_DHE_RSA_WITH_AES_256_CBC_SHA, TLS_DHE_DSS_WITH_AES_256_CBC_SHA, TLS_DHE_RSA_WITH_AES_128_CBC_SHA, TLS_DHE_DSS_WITH_AES_128_CBC_SHA, TLS_RSA_WITH_AES_256_GCM_SHA384, TLS_RSA_WITH_AES_128_GCM_SHA256, TLS_RSA_WITH_AES_256_CBC_SHA256, TLS_RSA_WITH_AES_128_CBC_SHA256, TLS_RSA_WITH_AES_256_CBC_SHA, TLS_RSA_WITH_AES_128_CBC_SHA, TLS_EMPTY_RENEGOTIATION_INFO_SCSV]
16:26:12.835 [main] DEBUG org.apache.http.conn.ssl.LenientSslConnectionSocketFactory -- Starting handshake
16:26:13.025 [main] DEBUG org.apache.http.conn.ssl.LenientSslConnectionSocketFactory -- Secure session established
16:26:13.025 [main] DEBUG org.apache.http.conn.ssl.LenientSslConnectionSocketFactory --  negotiated protocol: TLSv1.2
16:26:13.025 [main] DEBUG org.apache.http.conn.ssl.LenientSslConnectionSocketFactory --  negotiated cipher suite: TLS_ECDHE_RSA_WITH_AES_128_GCM_SHA256
16:26:13.025 [main] DEBUG org.apache.http.conn.ssl.LenientSslConnectionSocketFactory --  peer principal: CN=*.swagger.io
16:26:13.025 [main] DEBUG org.apache.http.conn.ssl.LenientSslConnectionSocketFactory --  peer alternative names: [*.swagger.io]
16:26:13.025 [main] DEBUG org.apache.http.conn.ssl.LenientSslConnectionSocketFactory --  issuer principal: CN=Amazon RSA 2048 M02, O=Amazon, C=US
16:26:13.025 [main] DEBUG org.apache.http.impl.conn.DefaultHttpClientConnectionOperator -- Connection established 192.168.50.172:50132<->18.207.45.59:443
16:26:13.027 [main] DEBUG org.apache.http.impl.conn.DefaultManagedHttpClientConnection -- http-outgoing-4: set socket timeout to 5000
16:26:13.027 [main] DEBUG org.apache.http.impl.execchain.MainClientExec -- Executing request POST /v2/pet HTTP/1.1
16:26:13.027 [main] DEBUG org.apache.http.impl.execchain.MainClientExec -- Target auth state: UNCHALLENGED
16:26:13.027 [main] DEBUG org.apache.http.impl.execchain.MainClientExec -- Proxy auth state: UNCHALLENGED
16:26:13.027 [main] DEBUG org.apache.http.headers -- http-outgoing-4 >> POST /v2/pet HTTP/1.1
16:26:13.027 [main] DEBUG org.apache.http.headers -- http-outgoing-4 >> Content-Type: application/json; charset=UTF-8
16:26:13.027 [main] DEBUG org.apache.http.headers -- http-outgoing-4 >> Content-Length: 139
16:26:13.027 [main] DEBUG org.apache.http.headers -- http-outgoing-4 >> Host: petstore.swagger.io
16:26:13.027 [main] DEBUG org.apache.http.headers -- http-outgoing-4 >> Connection: Keep-Alive
16:26:13.027 [main] DEBUG org.apache.http.headers -- http-outgoing-4 >> User-Agent: Apache-HttpClient/4.5.14 (Java/17.0.15)
16:26:13.027 [main] DEBUG org.apache.http.headers -- http-outgoing-4 >> Accept-Encoding: gzip,deflate
16:26:13.027 [main] DEBUG org.apache.http.wire -- http-outgoing-4 >> "POST /v2/pet HTTP/1.1[\r][\n]"
16:26:13.029 [main] DEBUG org.apache.http.wire -- http-outgoing-4 >> "Content-Type: application/json; charset=UTF-8[\r][\n]"
16:26:13.029 [main] DEBUG org.apache.http.wire -- http-outgoing-4 >> "Content-Length: 139[\r][\n]"
16:26:13.029 [main] DEBUG org.apache.http.wire -- http-outgoing-4 >> "Host: petstore.swagger.io[\r][\n]"
16:26:13.029 [main] DEBUG org.apache.http.wire -- http-outgoing-4 >> "Connection: Keep-Alive[\r][\n]"
16:26:13.029 [main] DEBUG org.apache.http.wire -- http-outgoing-4 >> "User-Agent: Apache-HttpClient/4.5.14 (Java/17.0.15)[\r][\n]"
16:26:13.029 [main] DEBUG org.apache.http.wire -- http-outgoing-4 >> "Accept-Encoding: gzip,deflate[\r][\n]"
16:26:13.029 [main] DEBUG org.apache.http.wire -- http-outgoing-4 >> "[\r][\n]"
16:26:13.029 [main] DEBUG org.apache.http.wire -- http-outgoing-4 >> "{"id":10002,"category":{"id":2,"name":"Cats"},"name":"kitty","photoUrls":["string"],"tags":[{"id":0,"name":"string"}],"status":"available"}"
16:26:13.109 [main] DEBUG org.apache.http.wire -- http-outgoing-4 << "HTTP/1.1 200 OK[\r][\n]"
16:26:13.109 [main] DEBUG org.apache.http.wire -- http-outgoing-4 << "Date: Tue, 05 Aug 2025 21:26:13 GMT[\r][\n]"
16:26:13.109 [main] DEBUG org.apache.http.wire -- http-outgoing-4 << "Content-Type: application/json[\r][\n]"
16:26:13.109 [main] DEBUG org.apache.http.wire -- http-outgoing-4 << "Transfer-Encoding: chunked[\r][\n]"
[...]
[THYMELEAF]             * [* {th:frameborder,data-th-frameborder}] [1000]: org.thymeleaf.standard.processor.StandardRemovableAttributeTagProcessor
[THYMELEAF]             * [* {th:label,data-th-label}] [1000]: org.thymeleaf.standard.processor.StandardRemovableAttributeTagProcessor
[THYMELEAF]             * [* {th:usemap,data-th-usemap}] [1000]: org.thymeleaf.standard.processor.StandardRemovableAttributeTagProcessor
[THYMELEAF]             * [* {th:codebase,data-th-codebase}] [1000]: org.thymeleaf.standard.processor.StandardRemovableAttributeTagProcessor
[THYMELEAF]             * [* {th:hreflang,data-th-hreflang}] [1000]: org.thymeleaf.standard.processor.StandardRemovableAttributeTagProcessor
[THYMELEAF]             * [* {th:poster,data-th-poster}] [1000]: org.thymeleaf.standard.processor.StandardRemovableAttributeTagProcessor
[THYMELEAF]             * [* {th:headers,data-th-headers}] [1000]: org.thymeleaf.standard.processor.StandardRemovableAttributeTagProcessor
[THYMELEAF]             * [* {th:min,data-th-min}] [1000]: org.thymeleaf.standard.processor.StandardRemovableAttributeTagProcessor
[THYMELEAF]             * [* {th:vspace,data-th-vspace}] [1000]: org.thymeleaf.standard.processor.StandardRemovableAttributeTagProcessor
[THYMELEAF]             * [* {th:style,data-th-style}] [1000]: org.thymeleaf.standard.processor.StandardRemovableAttributeTagProcessor
[THYMELEAF]             * [* {th:cols,data-th-cols}] [1000]: org.thymeleaf.standard.processor.StandardRemovableAttributeTagProcessor
[THYMELEAF]             * [* {th:standby,data-th-standby}] [1000]: org.thymeleaf.standard.processor.StandardRemovableAttributeTagProcessor
[THYMELEAF]             * [* {th:align,data-th-align}] [1000]: org.thymeleaf.standard.processor.StandardRemovableAttributeTagProcessor
[THYMELEAF]             * [* {th:rules,data-th-rules}] [1000]: org.thymeleaf.standard.processor.StandardRemovableAttributeTagProcessor
[THYMELEAF]             * [* {th:valuetype,data-th-valuetype}] [1000]: org.thymeleaf.standard.processor.StandardRemovableAttributeTagProcessor
[THYMELEAF]             * [* {th:accept-charset,data-th-accept-charset}] [1000]: org.thymeleaf.standard.processor.StandardRemovableAttributeTagProcessor
[THYMELEAF]             * [* {th:longdesc,data-th-longdesc}] [1000]: org.thymeleaf.standard.processor.StandardRemovableAttributeTagProcessor
[THYMELEAF]             * [* {th:challenge,data-th-challenge}] [1000]: org.thymeleaf.standard.processor.StandardRemovableAttributeTagProcessor
[THYMELEAF]             * [* {th:id,data-th-id}] [1000]: org.thymeleaf.standard.processor.StandardRemovableAttributeTagProcessor
[THYMELEAF]             * [* {th:max,data-th-max}] [1000]: org.thymeleaf.standard.processor.StandardRemovableAttributeTagProcessor
[THYMELEAF]             * [* {th:form,data-th-form}] [1000]: org.thymeleaf.standard.processor.StandardRemovableAttributeTagProcessor
[THYMELEAF]             * [* {th:data,data-th-data}] [1000]: org.thymeleaf.standard.processor.StandardRemovableAttributeTagProcessor
[THYMELEAF]             * [* {th:dir,data-th-dir}] [1000]: org.thymeleaf.standard.processor.StandardRemovableAttributeTagProcessor
[THYMELEAF]             * [* {th:height,data-th-height}] [1000]: org.thymeleaf.standard.processor.StandardRemovableAttributeTagProcessor
[THYMELEAF]             * [* {th:class,data-th-class}] [1000]: org.thymeleaf.standard.processor.StandardRemovableAttributeTagProcessor
[THYMELEAF]             * [* {th:hspace,data-th-hspace}] [1000]: org.thymeleaf.standard.processor.StandardRemovableAttributeTagProcessor
[THYMELEAF]             * [* {th:kind,data-th-kind}] [1000]: org.thymeleaf.standard.processor.StandardRemovableAttributeTagProcessor
[THYMELEAF]             * [* {th:for,data-th-for}] [1000]: org.thymeleaf.standard.processor.StandardRemovableAttributeTagProcessor
[THYMELEAF]             * [* {th:formenctype,data-th-formenctype}] [1000]: org.thymeleaf.standard.processor.StandardRemovableAttributeTagProcessor
[THYMELEAF]             * [* {th:cite,data-th-cite}] [1000]: org.thymeleaf.standard.processor.StandardRemovableAttributeTagProcessor
[THYMELEAF]             * [* {th:colspan,data-th-colspan}] [1000]: org.thymeleaf.standard.processor.StandardRemovableAttributeTagProcessor
[THYMELEAF]             * [* {th:wrap,data-th-wrap}] [1000]: org.thymeleaf.standard.processor.StandardRemovableAttributeTagProcessor
[THYMELEAF]             * [* {th:summary,data-th-summary}] [1000]: org.thymeleaf.standard.processor.StandardRemovableAttributeTagProcessor
[THYMELEAF]             * [* {th:rel,data-th-rel}] [1000]: org.thymeleaf.standard.processor.StandardRemovableAttributeTagProcessor
[THYMELEAF]             * [* {th:list,data-th-list}] [1000]: org.thymeleaf.standard.processor.StandardRemovableAttributeTagProcessor
[THYMELEAF]             * [* {th:frame,data-th-frame}] [1000]: org.thymeleaf.standard.processor.StandardRemovableAttributeTagProcessor
[THYMELEAF]             * [* {th:high,data-th-high}] [1000]: org.thymeleaf.standard.processor.StandardRemovableAttributeTagProcessor
[THYMELEAF]             * [* {th:contextmenu,data-th-contextmenu}] [1000]: org.thymeleaf.standard.processor.StandardRemovableAttributeTagProcessor
[THYMELEAF]             * [* {th:formaction,data-th-formaction}] [1000]: org.thymeleaf.standard.processor.StandardRemovableAttributeTagProcessor
[THYMELEAF]             * [* {th:src,data-th-src}] [1000]: org.thymeleaf.standard.processor.StandardSrcTagProcessor
[THYMELEAF]             * [* {th:value,data-th-value}] [1000]: org.thymeleaf.standard.processor.StandardValueTagProcessor
[THYMELEAF]             * [* {th:xmlbase,data-th-xmlbase}] [1000]: org.thymeleaf.standard.processor.StandardXmlBaseTagProcessor
[THYMELEAF]             * [* {th:xmllang,data-th-xmllang}] [1000]: org.thymeleaf.standard.processor.StandardXmlLangTagProcessor
[THYMELEAF]             * [* {xmlns:th}] [1000]: org.thymeleaf.standard.processor.StandardXmlNsTagProcessor
[THYMELEAF]             * [* {th:xmlspace,data-th-xmlspace}] [1000]: org.thymeleaf.standard.processor.StandardXmlSpaceTagProcessor
[THYMELEAF]             * [* {th:classappend,data-th-classappend}] [1100]: org.thymeleaf.standard.processor.StandardClassappendTagProcessor
[THYMELEAF]             * [* {th:styleappend,data-th-styleappend}] [1100]: org.thymeleaf.standard.processor.StandardStyleappendTagProcessor
[THYMELEAF]             * [* {th:text,data-th-text}] [1300]: org.thymeleaf.standard.processor.StandardTextTagProcessor
[THYMELEAF]             * [* {th:utext,data-th-utext}] [1400]: org.thymeleaf.standard.processor.StandardUtextTagProcessor
[THYMELEAF]             * [* {th:fragment,data-th-fragment}] [1500]: org.thymeleaf.standard.processor.StandardFragmentTagProcessor
[THYMELEAF]             * [* {th:assert,data-th-assert}] [1550]: org.thymeleaf.standard.processor.StandardAssertTagProcessor
[THYMELEAF]             * [* {th:remove,data-th-remove}] [1600]: org.thymeleaf.standard.processor.StandardRemoveTagProcessor
[THYMELEAF]             * [* {th:ref,data-th-ref}] [10000]: org.thymeleaf.standard.processor.StandardRefAttributeTagProcessor
[THYMELEAF]             * [{th:block,th-block} *] [100000]: org.thymeleaf.standard.processor.StandardBlockTagProcessor
[THYMELEAF]             * [* th:*] [2147483647]: org.thymeleaf.standard.processor.StandardDefaultAttributesTagProcessor
[THYMELEAF]         * Text Processors by [precedence]:
[THYMELEAF]             * [1000]: org.thymeleaf.standard.processor.StandardInliningTextProcessor
[THYMELEAF]         * DOCTYPE Processors by [precedence]:
[THYMELEAF]             * [1000]: org.thymeleaf.standard.processor.StandardTranslationDocTypeProcessor
[THYMELEAF]         * CDATA Section Processors by [precedence]:
[THYMELEAF]             * [1000]: org.thymeleaf.standard.processor.StandardInliningCDATASectionProcessor
[THYMELEAF]         * Comment Processors by [precedence]:
[THYMELEAF]             * [1000]: org.thymeleaf.standard.processor.StandardInliningCommentProcessor
[THYMELEAF]             * [1100]: org.thymeleaf.standard.processor.StandardConditionalCommentProcessor
[THYMELEAF]     * Processors for Template Mode: XML
[THYMELEAF]         * Element Tag Processors by [matching element and attribute name] [precedence]:
[THYMELEAF]             * [* {th:include}] [100]: org.thymeleaf.standard.processor.StandardIncludeTagProcessor
[THYMELEAF]             * [* {th:insert}] [100]: org.thymeleaf.standard.processor.StandardInsertTagProcessor
[THYMELEAF]             * [* {th:replace}] [100]: org.thymeleaf.standard.processor.StandardReplaceTagProcessor
[THYMELEAF]             * [* {th:each}] [200]: com.intuit.karate.template.KarateEachTagProcessor
[THYMELEAF]             * [* {th:switch}] [250]: org.thymeleaf.standard.processor.StandardSwitchTagProcessor
[THYMELEAF]             * [* {th:case}] [275]: org.thymeleaf.standard.processor.StandardCaseTagProcessor
[THYMELEAF]             * [* {th:if}] [300]: org.thymeleaf.standard.processor.StandardIfTagProcessor
[THYMELEAF]             * [* {th:unless}] [400]: org.thymeleaf.standard.processor.StandardUnlessTagProcessor
[THYMELEAF]             * [* {th:object}] [500]: org.thymeleaf.standard.processor.StandardObjectTagProcessor
[THYMELEAF]             * [* {th:with}] [600]: com.intuit.karate.template.KarateWithTagProcessor
[THYMELEAF]             * [* {th:attr}] [700]: com.intuit.karate.template.KarateAttributeTagProcessor.KarateAttrTagProcessor
[THYMELEAF]             * [* {th:attrappend}] [900]: com.intuit.karate.template.KarateAttributeTagProcessor.KarateAttrappendTagProcessor
[THYMELEAF]             * [* {th:attrprepend}] [900]: com.intuit.karate.template.KarateAttributeTagProcessor.KarateAttrprependTagProcessor
[THYMELEAF]             * [* {th:inline}] [1000]: org.thymeleaf.standard.processor.StandardInlineXMLTagProcessor
[THYMELEAF]             * [* {xmlns:th}] [1000]: org.thymeleaf.standard.processor.StandardXmlNsTagProcessor
[THYMELEAF]             * [* {th:text}] [1300]: org.thymeleaf.standard.processor.StandardTextTagProcessor
[THYMELEAF]             * [* {th:utext}] [1400]: org.thymeleaf.standard.processor.StandardUtextTagProcessor
[THYMELEAF]             * [* {th:fragment}] [1500]: org.thymeleaf.standard.processor.StandardFragmentTagProcessor
[THYMELEAF]             * [* {th:assert}] [1550]: org.thymeleaf.standard.processor.StandardAssertTagProcessor
[THYMELEAF]             * [* {th:remove}] [1600]: org.thymeleaf.standard.processor.StandardRemoveTagProcessor
[THYMELEAF]             * [* {th:ref}] [10000]: org.thymeleaf.standard.processor.StandardRefAttributeTagProcessor
[THYMELEAF]             * [{th:block} *] [100000]: org.thymeleaf.standard.processor.StandardBlockTagProcessor
[THYMELEAF]             * [* th:*] [2147483647]: org.thymeleaf.standard.processor.StandardDefaultAttributesTagProcessor
[THYMELEAF]         * Text Processors by [precedence]:
[THYMELEAF]             * [1000]: org.thymeleaf.standard.processor.StandardInliningTextProcessor
[THYMELEAF]         * CDATA Section Processors by [precedence]:
[THYMELEAF]             * [1000]: org.thymeleaf.standard.processor.StandardInliningCDATASectionProcessor
[THYMELEAF]         * Comment Processors by [precedence]:
[THYMELEAF]             * [1000]: org.thymeleaf.standard.processor.StandardInliningCommentProcessor
[THYMELEAF]     * Processors for Template Mode: TEXT
[THYMELEAF]         * Element Tag Processors by [matching element and attribute name] [precedence]:
[THYMELEAF]             * [* {th:insert}] [100]: org.thymeleaf.standard.processor.StandardInsertTagProcessor
[THYMELEAF]             * [* {th:replace}] [100]: org.thymeleaf.standard.processor.StandardReplaceTagProcessor
[THYMELEAF]             * [* {th:each}] [200]: com.intuit.karate.template.KarateEachTagProcessor
[THYMELEAF]             * [* {th:switch}] [250]: org.thymeleaf.standard.processor.StandardSwitchTagProcessor
[THYMELEAF]             * [* {th:case}] [275]: org.thymeleaf.standard.processor.StandardCaseTagProcessor
[THYMELEAF]             * [* {th:if}] [300]: org.thymeleaf.standard.processor.StandardIfTagProcessor
[THYMELEAF]             * [* {th:unless}] [400]: org.thymeleaf.standard.processor.StandardUnlessTagProcessor
[THYMELEAF]             * [* {th:object}] [500]: org.thymeleaf.standard.processor.StandardObjectTagProcessor
[THYMELEAF]             * [* {th:with}] [600]: com.intuit.karate.template.KarateWithTagProcessor
[THYMELEAF]             * [* {th:inline}] [1000]: org.thymeleaf.standard.processor.StandardInlineTextualTagProcessor
[THYMELEAF]             * [* {th:text}] [1300]: org.thymeleaf.standard.processor.StandardTextTagProcessor
[THYMELEAF]             * [* {th:utext}] [1400]: org.thymeleaf.standard.processor.StandardUtextTagProcessor
[THYMELEAF]             * [* {th:assert}] [1550]: org.thymeleaf.standard.processor.StandardAssertTagProcessor
[THYMELEAF]             * [* {th:remove}] [1600]: org.thymeleaf.standard.processor.StandardRemoveTagProcessor
[THYMELEAF]             * [* 100000] [org.thymeleaf.standard.processor.StandardBlockTagProcessor]: {}
[THYMELEAF]             * [{th:block} *] [100000]: org.thymeleaf.standard.processor.StandardBlockTagProcessor
[THYMELEAF]         * Text Processors by [precedence]:
[THYMELEAF]             * [1000]: org.thymeleaf.standard.processor.StandardInliningTextProcessor
[THYMELEAF]     * Processors for Template Mode: JAVASCRIPT
[THYMELEAF]         * Element Tag Processors by [matching element and attribute name] [precedence]:
[THYMELEAF]             * [* {th:insert}] [100]: org.thymeleaf.standard.processor.StandardInsertTagProcessor
[THYMELEAF]             * [* {th:replace}] [100]: org.thymeleaf.standard.processor.StandardReplaceTagProcessor
[THYMELEAF]             * [* {th:each}] [200]: com.intuit.karate.template.KarateEachTagProcessor
[THYMELEAF]             * [* {th:switch}] [250]: org.thymeleaf.standard.processor.StandardSwitchTagProcessor
[THYMELEAF]             * [* {th:case}] [275]: org.thymeleaf.standard.processor.StandardCaseTagProcessor
[THYMELEAF]             * [* {th:if}] [300]: org.thymeleaf.standard.processor.StandardIfTagProcessor
[THYMELEAF]             * [* {th:unless}] [400]: org.thymeleaf.standard.processor.StandardUnlessTagProcessor
[THYMELEAF]             * [* {th:object}] [500]: org.thymeleaf.standard.processor.StandardObjectTagProcessor
[THYMELEAF]             * [* {th:with}] [600]: com.intuit.karate.template.KarateWithTagProcessor
[THYMELEAF]             * [* {th:inline}] [1000]: org.thymeleaf.standard.processor.StandardInlineTextualTagProcessor
[THYMELEAF]             * [* {th:text}] [1300]: org.thymeleaf.standard.processor.StandardTextTagProcessor
[THYMELEAF]             * [* {th:utext}] [1400]: org.thymeleaf.standard.processor.StandardUtextTagProcessor
[THYMELEAF]             * [* {th:assert}] [1550]: org.thymeleaf.standard.processor.StandardAssertTagProcessor
[THYMELEAF]             * [* {th:remove}] [1600]: org.thymeleaf.standard.processor.StandardRemoveTagProcessor
[THYMELEAF]             * [{th:block} *] [100000]: org.thymeleaf.standard.processor.StandardBlockTagProcessor
[THYMELEAF]             * [* 100000] [org.thymeleaf.standard.processor.StandardBlockTagProcessor]: {}
[THYMELEAF]         * Text Processors by [precedence]:
[THYMELEAF]             * [1000]: org.thymeleaf.standard.processor.StandardInliningTextProcessor
[THYMELEAF]     * Processors for Template Mode: CSS
[THYMELEAF]         * Element Tag Processors by [matching element and attribute name] [precedence]:
[THYMELEAF]             * [* {th:insert}] [100]: org.thymeleaf.standard.processor.StandardInsertTagProcessor
[THYMELEAF]             * [* {th:replace}] [100]: org.thymeleaf.standard.processor.StandardReplaceTagProcessor
[THYMELEAF]             * [* {th:each}] [200]: com.intuit.karate.template.KarateEachTagProcessor
[THYMELEAF]             * [* {th:switch}] [250]: org.thymeleaf.standard.processor.StandardSwitchTagProcessor
[THYMELEAF]             * [* {th:case}] [275]: org.thymeleaf.standard.processor.StandardCaseTagProcessor
[THYMELEAF]             * [* {th:if}] [300]: org.thymeleaf.standard.processor.StandardIfTagProcessor
[THYMELEAF]             * [* {th:unless}] [400]: org.thymeleaf.standard.processor.StandardUnlessTagProcessor
[THYMELEAF]             * [* {th:object}] [500]: org.thymeleaf.standard.processor.StandardObjectTagProcessor
[THYMELEAF]             * [* {th:with}] [600]: com.intuit.karate.template.KarateWithTagProcessor
[THYMELEAF]             * [* {th:inline}] [1000]: org.thymeleaf.standard.processor.StandardInlineTextualTagProcessor
[THYMELEAF]             * [* {th:text}] [1300]: org.thymeleaf.standard.processor.StandardTextTagProcessor
[THYMELEAF]             * [* {th:utext}] [1400]: org.thymeleaf.standard.processor.StandardUtextTagProcessor
[THYMELEAF]             * [* {th:assert}] [1550]: org.thymeleaf.standard.processor.StandardAssertTagProcessor
[THYMELEAF]             * [* {th:remove}] [1600]: org.thymeleaf.standard.processor.StandardRemoveTagProcessor
[THYMELEAF]             * [* 100000] [org.thymeleaf.standard.processor.StandardBlockTagProcessor]: {}
[THYMELEAF]             * [{th:block} *] [100000]: org.thymeleaf.standard.processor.StandardBlockTagProcessor
[THYMELEAF]         * Text Processors by [precedence]:
[THYMELEAF]             * [1000]: org.thymeleaf.standard.processor.StandardInliningTextProcessor
[THYMELEAF]     * Expression Objects:
[THYMELEAF]         * #ctx
[THYMELEAF]         * #root
[THYMELEAF]         * #vars
[THYMELEAF]         * #object
[THYMELEAF]         * #locale
[THYMELEAF]         * #conversions
[THYMELEAF]         * #uris
[THYMELEAF]         * #temporals
[THYMELEAF]         * #calendars
[THYMELEAF]         * #dates
[THYMELEAF]         * #bools
[THYMELEAF]         * #numbers
[THYMELEAF]         * #objects
[THYMELEAF]         * #strings
[THYMELEAF]         * #arrays
[THYMELEAF]         * #lists
[THYMELEAF]         * #sets
[THYMELEAF]         * #maps
[THYMELEAF]         * #aggregates
[THYMELEAF]         * #messages
[THYMELEAF]         * #ids
[THYMELEAF]         * #execInfo
[THYMELEAF]         * #request
[THYMELEAF]         * #response
[THYMELEAF]         * #session
[THYMELEAF]         * #servletContext
[THYMELEAF]     * Execution Attributes:
[THYMELEAF]         * "StandardExpressionParser": com.intuit.karate.template.KarateStandardDialect@4c50cd7d
[THYMELEAF]         * "StandardJavaScriptSerializer": org.thymeleaf.standard.serializer.StandardJavaScriptSerializer@42b43a6
[THYMELEAF]         * "StandardCSSSerializer": org.thymeleaf.standard.serializer.StandardCSSSerializer@1d622556
[THYMELEAF]         * "StandardVariableExpressionEvaluator": com.intuit.karate.template.KarateStandardDialect@4c50cd7d
[THYMELEAF]         * "StandardConversionService": org.thymeleaf.standard.expression.StandardConversionService@4b9f7edc
[THYMELEAF] * Dialect [2 of 2]: karate (com.intuit.karate.template.KarateScriptDialect)
[THYMELEAF]     * Prefix: "ka"
[THYMELEAF]     * Processors for Template Mode: HTML
[THYMELEAF]         * Element Tag Processors by [matching element and attribute name] [precedence]:
[THYMELEAF]             * [* {src}] [1000]: com.intuit.karate.template.KaScriptAttrProcessor
[THYMELEAF]         * Element Model Processors by [matching element and attribute name] [precedence]:
[THYMELEAF]             * [{script} {ka:scope,data-ka-scope}] [1000]: com.intuit.karate.template.KaScriptElemProcessor
[THYMELEAF]             * [* {ka:set,data-ka-set}] [1000]: com.intuit.karate.template.KaSetElemProcessor
[THYMELEAF] TEMPLATE ENGINE CONFIGURED OK
16:26:15.459 [main] DEBUG org.thymeleaf.TemplateEngine -- [THYMELEAF] TEMPLATE ENGINE INITIALIZED

HTML report: (paste into browser to view) | Karate version: 1.4.1
file:///C:/Users/JAMALDONADO/Documents/TEST/petstore-karate/target/karate-reports/karate-summary.html
===================================================================

]]></system-out>
  </testcase>
</testsuite>